{
  "numFailedTestSuites": 0,
  "numFailedTests": 0,
  "numPassedTestSuites": 1,
  "numPassedTests": 16,
  "numPendingTestSuites": 0,
  "numPendingTests": 0,
  "numRuntimeErrorTestSuites": 0,
  "numTodoTests": 0,
  "numTotalTestSuites": 1,
  "numTotalTests": 16,
  "openHandles": [],
  "snapshot": {
    "added": 0,
    "didUpdate": false,
    "failure": false,
    "filesAdded": 0,
    "filesRemoved": 0,
    "filesRemovedList": [],
    "filesUnmatched": 0,
    "filesUpdated": 0,
    "matched": 1,
    "total": 1,
    "unchecked": 0,
    "uncheckedKeysByFile": [],
    "unmatched": 0,
    "updated": 0
  },
  "startTime": 1577696986514,
  "success": false,
  "testResults": [
    {
      "assertionResults": [
        {
          "ancestorTitles": ["<Carousel />"],
          "failureMessages": [],
          "fullName": "<Carousel /> should render correctly",
          "location": null,
          "status": "passed",
          "title": "should render correctly"
        },
        {
          "ancestorTitles": ["<Carousel />"],
          "failureMessages": [],
          "fullName": "<Carousel /> should have slider wrapper as one child only",
          "location": null,
          "status": "passed",
          "title": "should have slider wrapper as one child only"
        },
        {
          "ancestorTitles": ["<Carousel />"],
          "failureMessages": [],
          "fullName": "<Carousel /> Children should have first slide as active initially",
          "location": null,
          "status": "passed",
          "title": "Children should have first slide as active initially"
        },
        {
          "ancestorTitles": ["<Carousel />"],
          "failureMessages": [],
          "fullName": "<Carousel /> Should display dots on using <Carousel.Dots> component only",
          "location": null,
          "status": "passed",
          "title": "Should display dots on using <Carousel.Dots> component only"
        },
        {
          "ancestorTitles": ["<Carousel />"],
          "failureMessages": [],
          "fullName": "<Carousel /> Should change slide on click dots",
          "location": null,
          "status": "passed",
          "title": "Should change slide on click dots"
        },
        {
          "ancestorTitles": ["<Carousel />"],
          "failureMessages": [],
          "fullName": "<Carousel /> Should active next slide on click next",
          "location": null,
          "status": "passed",
          "title": "Should active next slide on click next"
        },
        {
          "ancestorTitles": ["<Carousel />"],
          "failureMessages": [],
          "fullName": "<Carousel /> Should active previous slide on key press right arrow",
          "location": null,
          "status": "passed",
          "title": "Should active previous slide on key press right arrow"
        },
        {
          "ancestorTitles": ["<Carousel />"],
          "failureMessages": [],
          "fullName": "<Carousel /> Should active previous slide on click previous",
          "location": null,
          "status": "passed",
          "title": "Should active previous slide on click previous"
        },
        {
          "ancestorTitles": ["<Carousel />"],
          "failureMessages": [],
          "fullName": "<Carousel /> Should active previous slide on key press left",
          "location": null,
          "status": "passed",
          "title": "Should active previous slide on key press left"
        },
        {
          "ancestorTitles": ["<Carousel />"],
          "failureMessages": [],
          "fullName": "<Carousel /> Should display controls extract from Component",
          "location": null,
          "status": "passed",
          "title": "Should display controls extract from Component"
        },
        {
          "ancestorTitles": ["<Carousel />"],
          "failureMessages": [],
          "fullName": "<Carousel /> Should be responsive",
          "location": null,
          "status": "passed",
          "title": "Should be responsive"
        },
        {
          "ancestorTitles": ["<Carousel />"],
          "failureMessages": [],
          "fullName": "<Carousel /> Should render Controls with Controls Component",
          "location": null,
          "status": "passed",
          "title": "Should render Controls with Controls Component"
        },
        {
          "ancestorTitles": ["<Carousel />"],
          "failureMessages": [],
          "fullName": "<Carousel /> Should render Animation Controls",
          "location": null,
          "status": "passed",
          "title": "Should render Animation Controls"
        },
        {
          "ancestorTitles": ["<Carousel />"],
          "failureMessages": [],
          "fullName": "<Carousel /> Should render pause after click play animation controls",
          "location": null,
          "status": "passed",
          "title": "Should render pause after click play animation controls"
        },
        {
          "ancestorTitles": ["<Carousel />"],
          "failureMessages": [],
          "fullName": "<Carousel /> Should autoplay",
          "location": null,
          "status": "passed",
          "title": "Should autoplay"
        },
        {
          "ancestorTitles": ["<Carousel />"],
          "failureMessages": [],
          "fullName": "<Carousel /> Should stop animation on mouse enter",
          "location": null,
          "status": "passed",
          "title": "Should stop animation on mouse enter"
        }
      ],
      "endTime": 1577696990480,
      "message": "",
      "name": "C:\\Users\\amajain3\\Documents\\atomic-react-components\\lib\\components\\molecules\\Carousel\\tests\\Carousel.test.js",
      "startTime": 1577696988548,
      "status": "passed",
      "summary": ""
    }
  ],
  "wasInterrupted": false,
  "coverageMap": {
    "C:\\Users\\amajain3\\Documents\\atomic-react-components\\lib\\components\\molecules\\Carousel\\index.js": {
      "path": "C:\\Users\\amajain3\\Documents\\atomic-react-components\\lib\\components\\molecules\\Carousel\\index.js",
      "statementMap": {},
      "fnMap": {},
      "branchMap": {},
      "s": {},
      "f": {},
      "b": {},
      "_coverageSchema": "43e27e138ebf9cfc5966b082cf9a028302ed4184",
      "hash": "98aad67838ddff5d281655fd3b4a7e57315891f3"
    },
    "C:\\Users\\amajain3\\Documents\\atomic-react-components\\lib\\components\\molecules\\Carousel\\Carousel.js": {
      "path": "C:\\Users\\amajain3\\Documents\\atomic-react-components\\lib\\components\\molecules\\Carousel\\Carousel.js",
      "statementMap": {
        "0": { "start": { "line": 21, "column": 24 }, "end": { "line": 21, "column": 47 } },
        "1": { "start": { "line": 29, "column": 16 }, "end": { "line": 50, "column": 1 } },
        "2": { "start": { "line": 30, "column": 78 }, "end": { "line": 32, "column": 3 } },
        "3": { "start": { "line": 33, "column": 42 }, "end": { "line": 33, "column": 48 } },
        "4": { "start": { "line": 34, "column": 20 }, "end": { "line": 34, "column": 22 } },
        "5": { "start": { "line": 35, "column": 2 }, "end": { "line": 47, "column": 3 } },
        "6": { "start": { "line": 35, "column": 16 }, "end": { "line": 35, "column": 17 } },
        "7": { "start": { "line": 36, "column": 4 }, "end": { "line": 46, "column": 6 } },
        "8": { "start": { "line": 40, "column": 25 }, "end": { "line": 40, "column": 48 } },
        "9": { "start": { "line": 49, "column": 2 }, "end": { "line": 49, "column": 19 } },
        "10": { "start": { "line": 55, "column": 20 }, "end": { "line": 63, "column": 1 } },
        "11": { "start": { "line": 56, "column": 2 }, "end": { "line": 62, "column": 4 } },
        "12": { "start": { "line": 71, "column": 22 }, "end": { "line": 105, "column": 1 } },
        "13": { "start": { "line": 72, "column": 78 }, "end": { "line": 74, "column": 3 } },
        "14": { "start": { "line": 75, "column": 26 }, "end": { "line": 75, "column": 32 } },
        "15": { "start": { "line": 77, "column": 30 }, "end": { "line": 79, "column": 3 } },
        "16": { "start": { "line": 78, "column": 4 }, "end": { "line": 78, "column": 87 } },
        "17": { "start": { "line": 81, "column": 25 }, "end": { "line": 89, "column": 3 } },
        "18": { "start": { "line": 82, "column": 4 }, "end": { "line": 86, "column": 5 } },
        "19": { "start": { "line": 83, "column": 6 }, "end": { "line": 83, "column": 34 } },
        "20": { "start": { "line": 84, "column": 11 }, "end": { "line": 86, "column": 5 } },
        "21": { "start": { "line": 85, "column": 6 }, "end": { "line": 85, "column": 34 } },
        "22": { "start": { "line": 88, "column": 4 }, "end": { "line": 88, "column": 16 } },
        "23": { "start": { "line": 91, "column": 2 }, "end": { "line": 104, "column": 4 } },
        "24": { "start": { "line": 95, "column": 23 }, "end": { "line": 95, "column": 51 } },
        "25": { "start": { "line": 110, "column": 25 }, "end": { "line": 118, "column": 1 } },
        "26": { "start": { "line": 111, "column": 2 }, "end": { "line": 117, "column": 4 } },
        "27": { "start": { "line": 123, "column": 25 }, "end": { "line": 135, "column": 1 } },
        "28": { "start": { "line": 124, "column": 54 }, "end": { "line": 124, "column": 81 } },
        "29": { "start": { "line": 126, "column": 26 }, "end": { "line": 128, "column": 3 } },
        "30": { "start": { "line": 127, "column": 4 }, "end": { "line": 127, "column": 45 } },
        "31": { "start": { "line": 130, "column": 2 }, "end": { "line": 134, "column": 4 } },
        "32": { "start": { "line": 145, "column": 17 }, "end": { "line": 238, "column": 1 } },
        "33": { "start": { "line": 162, "column": 30 }, "end": { "line": 172, "column": 4 } },
        "34": { "start": { "line": 173, "column": 50 }, "end": { "line": 173, "column": 61 } },
        "35": { "start": { "line": 174, "column": 52 }, "end": { "line": 174, "column": 77 } },
        "36": { "start": { "line": 175, "column": 50 }, "end": { "line": 175, "column": 60 } },
        "37": { "start": { "line": 177, "column": 37 }, "end": { "line": 183, "column": 3 } },
        "38": { "start": { "line": 178, "column": 4 }, "end": { "line": 182, "column": 9 } },
        "39": { "start": { "line": 179, "column": 22 }, "end": { "line": 179, "column": 57 } },
        "40": { "start": { "line": 181, "column": 8 }, "end": { "line": 181, "column": 99 } },
        "41": { "start": { "line": 185, "column": 31 }, "end": { "line": 192, "column": 3 } },
        "42": { "start": { "line": 186, "column": 24 }, "end": { "line": 186, "column": 44 } },
        "43": { "start": { "line": 187, "column": 4 }, "end": { "line": 189, "column": 7 } },
        "44": { "start": { "line": 188, "column": 6 }, "end": { "line": 188, "column": 58 } },
        "45": { "start": { "line": 191, "column": 4 }, "end": { "line": 191, "column": 23 } },
        "46": { "start": { "line": 194, "column": 2 }, "end": { "line": 201, "column": 9 } },
        "47": { "start": { "line": 195, "column": 4 }, "end": { "line": 200, "column": 5 } },
        "48": { "start": { "line": 196, "column": 31 }, "end": { "line": 196, "column": 69 } },
        "49": { "start": { "line": 197, "column": 6 }, "end": { "line": 199, "column": 7 } },
        "50": { "start": { "line": 198, "column": 8 }, "end": { "line": 198, "column": 66 } },
        "51": { "start": { "line": 203, "column": 2 }, "end": { "line": 209, "column": 4 } },
        "52": { "start": { "line": 205, "column": 27 }, "end": { "line": 205, "column": 92 } },
        "53": { "start": { "line": 206, "column": 6 }, "end": { "line": 206, "column": 44 } },
        "54": { "start": { "line": 211, "column": 24 }, "end": { "line": 219, "column": 3 } },
        "55": { "start": { "line": 221, "column": 2 }, "end": { "line": 237, "column": 4 } },
        "56": { "start": { "line": 248, "column": 0 }, "end": { "line": 302, "column": 2 } },
        "57": { "start": { "line": 249, "column": 28 }, "end": { "line": 249, "column": 36 } },
        "58": { "start": { "line": 256, "column": 6 }, "end": { "line": 256, "column": 33 } },
        "59": { "start": { "line": 257, "column": 28 }, "end": { "line": 257, "column": 34 } },
        "60": { "start": { "line": 258, "column": 31 }, "end": { "line": 258, "column": 35 } },
        "61": { "start": { "line": 260, "column": 27 }, "end": { "line": 267, "column": 3 } },
        "62": { "start": { "line": 261, "column": 4 }, "end": { "line": 266, "column": 5 } },
        "63": { "start": { "line": 262, "column": 6 }, "end": { "line": 262, "column": 36 } },
        "64": { "start": { "line": 263, "column": 6 }, "end": { "line": 263, "column": 51 } },
        "65": { "start": { "line": 265, "column": 6 }, "end": { "line": 265, "column": 37 } },
        "66": { "start": { "line": 269, "column": 27 }, "end": { "line": 276, "column": 3 } },
        "67": { "start": { "line": 270, "column": 4 }, "end": { "line": 273, "column": 5 } },
        "68": { "start": { "line": 271, "column": 6 }, "end": { "line": 271, "column": 37 } },
        "69": { "start": { "line": 272, "column": 6 }, "end": { "line": 272, "column": 51 } },
        "70": { "start": { "line": 275, "column": 4 }, "end": { "line": 275, "column": 16 } },
        "71": { "start": { "line": 278, "column": 2 }, "end": { "line": 280, "column": 22 } },
        "72": { "start": { "line": 279, "column": 4 }, "end": { "line": 279, "column": 68 } },
        "73": { "start": { "line": 282, "column": 2 }, "end": { "line": 284, "column": 25 } },
        "74": { "start": { "line": 283, "column": 4 }, "end": { "line": 283, "column": 90 } },
        "75": { "start": { "line": 286, "column": 2 }, "end": { "line": 301, "column": 4 } },
        "76": { "start": { "line": 295, "column": 10 }, "end": { "line": 297, "column": 13 } },
        "77": { "start": { "line": 312, "column": 0 }, "end": { "line": 329, "column": 2 } },
        "78": { "start": { "line": 313, "column": 39 }, "end": { "line": 313, "column": 66 } },
        "79": { "start": { "line": 314, "column": 28 }, "end": { "line": 314, "column": 34 } },
        "80": { "start": { "line": 315, "column": 19 }, "end": { "line": 315, "column": 27 } },
        "81": { "start": { "line": 317, "column": 2 }, "end": { "line": 319, "column": 22 } },
        "82": { "start": { "line": 318, "column": 4 }, "end": { "line": 318, "column": 65 } },
        "83": { "start": { "line": 321, "column": 2 }, "end": { "line": 328, "column": 4 } },
        "84": { "start": { "line": 339, "column": 0 }, "end": { "line": 341, "column": 2 } },
        "85": { "start": { "line": 340, "column": 2 }, "end": { "line": 340, "column": 36 } },
        "86": { "start": { "line": 346, "column": 0 }, "end": { "line": 348, "column": 2 } },
        "87": { "start": { "line": 347, "column": 2 }, "end": { "line": 347, "column": 58 } },
        "88": { "start": { "line": 353, "column": 0 }, "end": { "line": 355, "column": 2 } },
        "89": { "start": { "line": 354, "column": 2 }, "end": { "line": 354, "column": 58 } },
        "90": { "start": { "line": 360, "column": 0 }, "end": { "line": 360, "column": 81 } },
        "91": { "start": { "line": 360, "column": 49 }, "end": { "line": 360, "column": 80 } },
        "92": { "start": { "line": 365, "column": 0 }, "end": { "line": 365, "column": 70 } },
        "93": { "start": { "line": 365, "column": 38 }, "end": { "line": 365, "column": 69 } },
        "94": { "start": { "line": 367, "column": 0 }, "end": { "line": 370, "column": 2 } },
        "95": { "start": { "line": 372, "column": 0 }, "end": { "line": 375, "column": 2 } },
        "96": { "start": { "line": 373, "column": 20 }, "end": { "line": 373, "column": 26 } },
        "97": { "start": { "line": 374, "column": 21 }, "end": { "line": 374, "column": 28 } },
        "98": { "start": { "line": 377, "column": 0 }, "end": { "line": 379, "column": 2 } },
        "99": { "start": { "line": 381, "column": 0 }, "end": { "line": 389, "column": 2 } },
        "100": { "start": { "line": 391, "column": 0 }, "end": { "line": 391, "column": 37 } },
        "101": { "start": { "line": 392, "column": 0 }, "end": { "line": 392, "column": 35 } }
      },
      "fnMap": {
        "0": {
          "name": "(anonymous_0)",
          "decl": { "start": { "line": 29, "column": 16 }, "end": { "line": 29, "column": 17 } },
          "loc": { "start": { "line": 29, "column": 22 }, "end": { "line": 50, "column": 1 } },
          "line": 29
        },
        "1": {
          "name": "(anonymous_1)",
          "decl": { "start": { "line": 40, "column": 19 }, "end": { "line": 40, "column": 20 } },
          "loc": { "start": { "line": 40, "column": 25 }, "end": { "line": 40, "column": 48 } },
          "line": 40
        },
        "2": {
          "name": "(anonymous_2)",
          "decl": { "start": { "line": 55, "column": 20 }, "end": { "line": 55, "column": 21 } },
          "loc": { "start": { "line": 55, "column": 26 }, "end": { "line": 63, "column": 1 } },
          "line": 55
        },
        "3": {
          "name": "(anonymous_3)",
          "decl": { "start": { "line": 71, "column": 22 }, "end": { "line": 71, "column": 23 } },
          "loc": { "start": { "line": 71, "column": 97 }, "end": { "line": 105, "column": 1 } },
          "line": 71
        },
        "4": {
          "name": "(anonymous_4)",
          "decl": { "start": { "line": 77, "column": 30 }, "end": { "line": 77, "column": 31 } },
          "loc": { "start": { "line": 77, "column": 38 }, "end": { "line": 79, "column": 3 } },
          "line": 77
        },
        "5": {
          "name": "(anonymous_5)",
          "decl": { "start": { "line": 81, "column": 25 }, "end": { "line": 81, "column": 26 } },
          "loc": { "start": { "line": 81, "column": 30 }, "end": { "line": 89, "column": 3 } },
          "line": 81
        },
        "6": {
          "name": "(anonymous_6)",
          "decl": { "start": { "line": 95, "column": 17 }, "end": { "line": 95, "column": 18 } },
          "loc": { "start": { "line": 95, "column": 23 }, "end": { "line": 95, "column": 51 } },
          "line": 95
        },
        "7": {
          "name": "(anonymous_7)",
          "decl": { "start": { "line": 110, "column": 25 }, "end": { "line": 110, "column": 26 } },
          "loc": { "start": { "line": 110, "column": 43 }, "end": { "line": 118, "column": 1 } },
          "line": 110
        },
        "8": {
          "name": "(anonymous_8)",
          "decl": { "start": { "line": 123, "column": 25 }, "end": { "line": 123, "column": 26 } },
          "loc": { "start": { "line": 123, "column": 91 }, "end": { "line": 135, "column": 1 } },
          "line": 123
        },
        "9": {
          "name": "(anonymous_9)",
          "decl": { "start": { "line": 126, "column": 26 }, "end": { "line": 126, "column": 27 } },
          "loc": { "start": { "line": 126, "column": 32 }, "end": { "line": 128, "column": 3 } },
          "line": 126
        },
        "10": {
          "name": "(anonymous_10)",
          "decl": { "start": { "line": 145, "column": 17 }, "end": { "line": 145, "column": 18 } },
          "loc": { "start": { "line": 161, "column": 27 }, "end": { "line": 238, "column": 1 } },
          "line": 161
        },
        "11": {
          "name": "(anonymous_11)",
          "decl": { "start": { "line": 177, "column": 37 }, "end": { "line": 177, "column": 38 } },
          "loc": { "start": { "line": 177, "column": 57 }, "end": { "line": 183, "column": 3 } },
          "line": 177
        },
        "12": {
          "name": "(anonymous_12)",
          "decl": { "start": { "line": 179, "column": 14 }, "end": { "line": 179, "column": 15 } },
          "loc": { "start": { "line": 179, "column": 22 }, "end": { "line": 179, "column": 57 } },
          "line": 179
        },
        "13": {
          "name": "(anonymous_13)",
          "decl": { "start": { "line": 180, "column": 14 }, "end": { "line": 180, "column": 15 } },
          "loc": { "start": { "line": 180, "column": 48 }, "end": { "line": 182, "column": 7 } },
          "line": 180
        },
        "14": {
          "name": "(anonymous_14)",
          "decl": { "start": { "line": 185, "column": 31 }, "end": { "line": 185, "column": 32 } },
          "loc": { "start": { "line": 185, "column": 68 }, "end": { "line": 192, "column": 3 } },
          "line": 185
        },
        "15": {
          "name": "(anonymous_15)",
          "decl": { "start": { "line": 187, "column": 51 }, "end": { "line": 187, "column": 52 } },
          "loc": { "start": { "line": 187, "column": 59 }, "end": { "line": 189, "column": 5 } },
          "line": 187
        },
        "16": {
          "name": "(anonymous_16)",
          "decl": { "start": { "line": 194, "column": 12 }, "end": { "line": 194, "column": 13 } },
          "loc": { "start": { "line": 194, "column": 18 }, "end": { "line": 201, "column": 3 } },
          "line": 194
        },
        "17": {
          "name": "(anonymous_17)",
          "decl": { "start": { "line": 204, "column": 4 }, "end": { "line": 204, "column": 5 } },
          "loc": { "start": { "line": 204, "column": 10 }, "end": { "line": 207, "column": 5 } },
          "line": 204
        },
        "18": {
          "name": "(anonymous_18)",
          "decl": { "start": { "line": 248, "column": 24 }, "end": { "line": 248, "column": 25 } },
          "loc": { "start": { "line": 248, "column": 89 }, "end": { "line": 302, "column": 1 } },
          "line": 248
        },
        "19": {
          "name": "(anonymous_19)",
          "decl": { "start": { "line": 260, "column": 27 }, "end": { "line": 260, "column": 28 } },
          "loc": { "start": { "line": 260, "column": 33 }, "end": { "line": 267, "column": 3 } },
          "line": 260
        },
        "20": {
          "name": "(anonymous_20)",
          "decl": { "start": { "line": 269, "column": 27 }, "end": { "line": 269, "column": 28 } },
          "loc": { "start": { "line": 269, "column": 33 }, "end": { "line": 276, "column": 3 } },
          "line": 269
        },
        "21": {
          "name": "(anonymous_21)",
          "decl": { "start": { "line": 278, "column": 12 }, "end": { "line": 278, "column": 13 } },
          "loc": { "start": { "line": 278, "column": 18 }, "end": { "line": 280, "column": 3 } },
          "line": 278
        },
        "22": {
          "name": "(anonymous_22)",
          "decl": { "start": { "line": 282, "column": 12 }, "end": { "line": 282, "column": 13 } },
          "loc": { "start": { "line": 282, "column": 18 }, "end": { "line": 284, "column": 3 } },
          "line": 282
        },
        "23": {
          "name": "(anonymous_23)",
          "decl": { "start": { "line": 294, "column": 38 }, "end": { "line": 294, "column": 39 } },
          "loc": { "start": { "line": 294, "column": 56 }, "end": { "line": 298, "column": 9 } },
          "line": 294
        },
        "24": {
          "name": "(anonymous_24)",
          "decl": { "start": { "line": 312, "column": 17 }, "end": { "line": 312, "column": 18 } },
          "loc": { "start": { "line": 312, "column": 68 }, "end": { "line": 329, "column": 1 } },
          "line": 312
        },
        "25": {
          "name": "(anonymous_25)",
          "decl": { "start": { "line": 317, "column": 12 }, "end": { "line": 317, "column": 13 } },
          "loc": { "start": { "line": 317, "column": 18 }, "end": { "line": 319, "column": 3 } },
          "line": 317
        },
        "26": {
          "name": "(anonymous_26)",
          "decl": { "start": { "line": 339, "column": 16 }, "end": { "line": 339, "column": 17 } },
          "loc": { "start": { "line": 339, "column": 40 }, "end": { "line": 341, "column": 1 } },
          "line": 339
        },
        "27": {
          "name": "(anonymous_27)",
          "decl": { "start": { "line": 346, "column": 16 }, "end": { "line": 346, "column": 17 } },
          "loc": { "start": { "line": 347, "column": 2 }, "end": { "line": 347, "column": 58 } },
          "line": 347
        },
        "28": {
          "name": "(anonymous_28)",
          "decl": { "start": { "line": 353, "column": 16 }, "end": { "line": 353, "column": 17 } },
          "loc": { "start": { "line": 354, "column": 2 }, "end": { "line": 354, "column": 58 } },
          "line": 354
        },
        "29": {
          "name": "(anonymous_29)",
          "decl": { "start": { "line": 360, "column": 31 }, "end": { "line": 360, "column": 32 } },
          "loc": { "start": { "line": 360, "column": 49 }, "end": { "line": 360, "column": 80 } },
          "line": 360
        },
        "30": {
          "name": "(anonymous_30)",
          "decl": { "start": { "line": 365, "column": 20 }, "end": { "line": 365, "column": 21 } },
          "loc": { "start": { "line": 365, "column": 38 }, "end": { "line": 365, "column": 69 } },
          "line": 365
        },
        "31": {
          "name": "(anonymous_31)",
          "decl": { "start": { "line": 373, "column": 14 }, "end": { "line": 373, "column": 15 } },
          "loc": { "start": { "line": 373, "column": 20 }, "end": { "line": 373, "column": 26 } },
          "line": 373
        },
        "32": {
          "name": "(anonymous_32)",
          "decl": { "start": { "line": 374, "column": 15 }, "end": { "line": 374, "column": 16 } },
          "loc": { "start": { "line": 374, "column": 21 }, "end": { "line": 374, "column": 28 } },
          "line": 374
        }
      },
      "branchMap": {
        "0": {
          "loc": { "start": { "line": 43, "column": 11 }, "end": { "line": 43, "column": 63 } },
          "type": "binary-expr",
          "locations": [
            { "start": { "line": 43, "column": 12 }, "end": { "line": 43, "column": 28 } },
            { "start": { "line": 43, "column": 32 }, "end": { "line": 43, "column": 52 } },
            { "start": { "line": 43, "column": 57 }, "end": { "line": 43, "column": 63 } }
          ],
          "line": 43
        },
        "1": {
          "loc": { "start": { "line": 78, "column": 24 }, "end": { "line": 78, "column": 85 } },
          "type": "cond-expr",
          "locations": [
            { "start": { "line": 78, "column": 42 }, "end": { "line": 78, "column": 62 } },
            { "start": { "line": 78, "column": 65 }, "end": { "line": 78, "column": 85 } }
          ],
          "line": 78
        },
        "2": {
          "loc": { "start": { "line": 82, "column": 4 }, "end": { "line": 86, "column": 5 } },
          "type": "if",
          "locations": [
            { "start": { "line": 82, "column": 4 }, "end": { "line": 86, "column": 5 } },
            { "start": { "line": 82, "column": 4 }, "end": { "line": 86, "column": 5 } }
          ],
          "line": 82
        },
        "3": {
          "loc": { "start": { "line": 84, "column": 11 }, "end": { "line": 86, "column": 5 } },
          "type": "if",
          "locations": [
            { "start": { "line": 84, "column": 11 }, "end": { "line": 86, "column": 5 } },
            { "start": { "line": 84, "column": 11 }, "end": { "line": 86, "column": 5 } }
          ],
          "line": 84
        },
        "4": {
          "loc": { "start": { "line": 98, "column": 10 }, "end": { "line": 98, "column": 97 } },
          "type": "cond-expr",
          "locations": [
            { "start": { "line": 98, "column": 31 }, "end": { "line": 98, "column": 72 } },
            { "start": { "line": 98, "column": 75 }, "end": { "line": 98, "column": 97 } }
          ],
          "line": 98
        },
        "5": {
          "loc": { "start": { "line": 101, "column": 9 }, "end": { "line": 101, "column": 65 } },
          "type": "binary-expr",
          "locations": [
            { "start": { "line": 101, "column": 9 }, "end": { "line": 101, "column": 17 } },
            { "start": { "line": 101, "column": 22 }, "end": { "line": 101, "column": 64 } }
          ],
          "line": 101
        },
        "6": {
          "loc": { "start": { "line": 101, "column": 22 }, "end": { "line": 101, "column": 64 } },
          "type": "cond-expr",
          "locations": [
            { "start": { "line": 101, "column": 43 }, "end": { "line": 101, "column": 52 } },
            { "start": { "line": 101, "column": 55 }, "end": { "line": 101, "column": 64 } }
          ],
          "line": 101
        },
        "7": {
          "loc": { "start": { "line": 132, "column": 41 }, "end": { "line": 132, "column": 90 } },
          "type": "cond-expr",
          "locations": [
            { "start": { "line": 132, "column": 62 }, "end": { "line": 132, "column": 75 } },
            { "start": { "line": 132, "column": 78 }, "end": { "line": 132, "column": 90 } }
          ],
          "line": 132
        },
        "8": {
          "loc": { "start": { "line": 181, "column": 15 }, "end": { "line": 181, "column": 98 } },
          "type": "cond-expr",
          "locations": [
            { "start": { "line": 181, "column": 69 }, "end": { "line": 181, "column": 82 } },
            { "start": { "line": 181, "column": 85 }, "end": { "line": 181, "column": 98 } }
          ],
          "line": 181
        },
        "9": {
          "loc": { "start": { "line": 195, "column": 4 }, "end": { "line": 200, "column": 5 } },
          "type": "if",
          "locations": [
            { "start": { "line": 195, "column": 4 }, "end": { "line": 200, "column": 5 } },
            { "start": { "line": 195, "column": 4 }, "end": { "line": 200, "column": 5 } }
          ],
          "line": 195
        },
        "10": {
          "loc": { "start": { "line": 197, "column": 6 }, "end": { "line": 199, "column": 7 } },
          "type": "if",
          "locations": [
            { "start": { "line": 197, "column": 6 }, "end": { "line": 199, "column": 7 } },
            { "start": { "line": 197, "column": 6 }, "end": { "line": 199, "column": 7 } }
          ],
          "line": 197
        },
        "11": {
          "loc": { "start": { "line": 205, "column": 27 }, "end": { "line": 205, "column": 92 } },
          "type": "cond-expr",
          "locations": [
            { "start": { "line": 205, "column": 71 }, "end": { "line": 205, "column": 87 } },
            { "start": { "line": 205, "column": 90 }, "end": { "line": 205, "column": 92 } }
          ],
          "line": 205
        },
        "12": {
          "loc": { "start": { "line": 208, "column": 4 }, "end": { "line": 208, "column": 51 } },
          "type": "cond-expr",
          "locations": [
            { "start": { "line": 208, "column": 25 }, "end": { "line": 208, "column": 44 } },
            { "start": { "line": 208, "column": 47 }, "end": { "line": 208, "column": 51 } }
          ],
          "line": 208
        },
        "13": {
          "loc": { "start": { "line": 233, "column": 9 }, "end": { "line": 233, "column": 39 } },
          "type": "binary-expr",
          "locations": [
            { "start": { "line": 233, "column": 9 }, "end": { "line": 233, "column": 20 } },
            { "start": { "line": 233, "column": 24 }, "end": { "line": 233, "column": 39 } }
          ],
          "line": 233
        },
        "14": {
          "loc": { "start": { "line": 234, "column": 9 }, "end": { "line": 234, "column": 48 } },
          "type": "binary-expr",
          "locations": [
            { "start": { "line": 234, "column": 9 }, "end": { "line": 234, "column": 24 } },
            { "start": { "line": 234, "column": 28 }, "end": { "line": 234, "column": 48 } }
          ],
          "line": 234
        },
        "15": {
          "loc": { "start": { "line": 261, "column": 4 }, "end": { "line": 266, "column": 5 } },
          "type": "if",
          "locations": [
            { "start": { "line": 261, "column": 4 }, "end": { "line": 266, "column": 5 } },
            { "start": { "line": 261, "column": 4 }, "end": { "line": 266, "column": 5 } }
          ],
          "line": 261
        },
        "16": {
          "loc": { "start": { "line": 270, "column": 4 }, "end": { "line": 273, "column": 5 } },
          "type": "if",
          "locations": [
            { "start": { "line": 270, "column": 4 }, "end": { "line": 273, "column": 5 } },
            { "start": { "line": 270, "column": 4 }, "end": { "line": 273, "column": 5 } }
          ],
          "line": 270
        }
      },
      "s": {
        "0": 1,
        "1": 1,
        "2": 95,
        "3": 95,
        "4": 95,
        "5": 95,
        "6": 95,
        "7": 193,
        "8": 1,
        "9": 95,
        "10": 1,
        "11": 82,
        "12": 1,
        "13": 40,
        "14": 40,
        "15": 40,
        "16": 8,
        "17": 40,
        "18": 4,
        "19": 3,
        "20": 1,
        "21": 1,
        "22": 4,
        "23": 40,
        "24": 4,
        "25": 1,
        "26": 17,
        "27": 1,
        "28": 24,
        "29": 24,
        "30": 2,
        "31": 24,
        "32": 1,
        "33": 79,
        "34": 79,
        "35": 79,
        "36": 79,
        "37": 79,
        "38": 1,
        "39": 2,
        "40": 1,
        "41": 79,
        "42": 1,
        "43": 1,
        "44": 1,
        "45": 1,
        "46": 79,
        "47": 32,
        "48": 1,
        "49": 1,
        "50": 1,
        "51": 79,
        "52": 2,
        "53": 2,
        "54": 79,
        "55": 79,
        "56": 1,
        "57": 79,
        "58": 79,
        "59": 79,
        "60": 79,
        "61": 79,
        "62": 1,
        "63": 1,
        "64": 1,
        "65": 0,
        "66": 79,
        "67": 0,
        "68": 0,
        "69": 0,
        "70": 0,
        "71": 79,
        "72": 33,
        "73": 79,
        "74": 43,
        "75": 79,
        "76": 257,
        "77": 1,
        "78": 257,
        "79": 257,
        "80": 257,
        "81": 257,
        "82": 106,
        "83": 257,
        "84": 1,
        "85": 5,
        "86": 1,
        "87": 1,
        "88": 1,
        "89": 1,
        "90": 1,
        "91": 2,
        "92": 1,
        "93": 1,
        "94": 1,
        "95": 1,
        "96": 22,
        "97": 2,
        "98": 1,
        "99": 1,
        "100": 1,
        "101": 1
      },
      "f": {
        "0": 95,
        "1": 1,
        "2": 82,
        "3": 40,
        "4": 8,
        "5": 4,
        "6": 4,
        "7": 17,
        "8": 24,
        "9": 2,
        "10": 79,
        "11": 1,
        "12": 2,
        "13": 1,
        "14": 1,
        "15": 1,
        "16": 32,
        "17": 2,
        "18": 79,
        "19": 1,
        "20": 0,
        "21": 33,
        "22": 43,
        "23": 257,
        "24": 257,
        "25": 106,
        "26": 5,
        "27": 1,
        "28": 1,
        "29": 2,
        "30": 1,
        "31": 22,
        "32": 2
      },
      "b": {
        "0": [193, 0, 193],
        "1": [6, 2],
        "2": [3, 1],
        "3": [1, 0],
        "4": [20, 20],
        "5": [40, 36],
        "6": [18, 18],
        "7": [2, 22],
        "8": [0, 1],
        "9": [1, 31],
        "10": [1, 0],
        "11": [2, 0],
        "12": [8, 71],
        "13": [79, 77],
        "14": [79, 16],
        "15": [1, 0],
        "16": [0, 0]
      },
      "_coverageSchema": "43e27e138ebf9cfc5966b082cf9a028302ed4184",
      "hash": "bbc385ea6cc4dca81da22d2be03c31bbd81b6841"
    },
    "C:\\Users\\amajain3\\Documents\\atomic-react-components\\lib\\components\\molecules\\Carousel\\Carousel.style.js": {
      "path": "C:\\Users\\amajain3\\Documents\\atomic-react-components\\lib\\components\\molecules\\Carousel\\Carousel.style.js",
      "statementMap": {
        "0": { "start": { "line": 15, "column": 37 }, "end": { "line": 15, "column": 68 } },
        "1": { "start": { "line": 19, "column": 24 }, "end": { "line": 19, "column": 50 } },
        "2": { "start": { "line": 25, "column": 24 }, "end": { "line": 25, "column": 50 } },
        "3": { "start": { "line": 26, "column": 23 }, "end": { "line": 26, "column": 49 } },
        "4": { "start": { "line": 36, "column": 17 }, "end": { "line": 36, "column": 49 } },
        "5": { "start": { "line": 58, "column": 28 }, "end": { "line": 58, "column": 54 } },
        "6": { "start": { "line": 62, "column": 26 }, "end": { "line": 62, "column": 52 } },
        "7": { "start": { "line": 74, "column": 14 }, "end": { "line": 74, "column": 64 } }
      },
      "fnMap": {
        "0": {
          "name": "(anonymous_0)",
          "decl": { "start": { "line": 15, "column": 28 }, "end": { "line": 15, "column": 29 } },
          "loc": { "start": { "line": 15, "column": 37 }, "end": { "line": 15, "column": 68 } },
          "line": 15
        },
        "1": {
          "name": "(anonymous_1)",
          "decl": { "start": { "line": 19, "column": 15 }, "end": { "line": 19, "column": 16 } },
          "loc": { "start": { "line": 19, "column": 24 }, "end": { "line": 19, "column": 50 } },
          "line": 19
        },
        "2": {
          "name": "(anonymous_2)",
          "decl": { "start": { "line": 25, "column": 15 }, "end": { "line": 25, "column": 16 } },
          "loc": { "start": { "line": 25, "column": 24 }, "end": { "line": 25, "column": 50 } },
          "line": 25
        },
        "3": {
          "name": "(anonymous_3)",
          "decl": { "start": { "line": 26, "column": 14 }, "end": { "line": 26, "column": 15 } },
          "loc": { "start": { "line": 26, "column": 23 }, "end": { "line": 26, "column": 49 } },
          "line": 26
        },
        "4": {
          "name": "(anonymous_4)",
          "decl": { "start": { "line": 36, "column": 8 }, "end": { "line": 36, "column": 9 } },
          "loc": { "start": { "line": 36, "column": 17 }, "end": { "line": 36, "column": 49 } },
          "line": 36
        },
        "5": {
          "name": "(anonymous_5)",
          "decl": { "start": { "line": 58, "column": 19 }, "end": { "line": 58, "column": 20 } },
          "loc": { "start": { "line": 58, "column": 28 }, "end": { "line": 58, "column": 54 } },
          "line": 58
        },
        "6": {
          "name": "(anonymous_6)",
          "decl": { "start": { "line": 62, "column": 17 }, "end": { "line": 62, "column": 18 } },
          "loc": { "start": { "line": 62, "column": 26 }, "end": { "line": 62, "column": 52 } },
          "line": 62
        },
        "7": {
          "name": "(anonymous_7)",
          "decl": { "start": { "line": 74, "column": 4 }, "end": { "line": 74, "column": 5 } },
          "loc": { "start": { "line": 74, "column": 14 }, "end": { "line": 74, "column": 64 } },
          "line": 74
        }
      },
      "branchMap": {
        "0": {
          "loc": { "start": { "line": 74, "column": 14 }, "end": { "line": 74, "column": 64 } },
          "type": "cond-expr",
          "locations": [
            { "start": { "line": 74, "column": 38 }, "end": { "line": 74, "column": 59 } },
            { "start": { "line": 74, "column": 62 }, "end": { "line": 74, "column": 64 } }
          ],
          "line": 74
        }
      },
      "s": { "0": 0, "1": 0, "2": 0, "3": 0, "4": 0, "5": 0, "6": 0, "7": 0 },
      "f": { "0": 0, "1": 0, "2": 0, "3": 0, "4": 0, "5": 0, "6": 0, "7": 0 },
      "b": { "0": [0, 0] },
      "_coverageSchema": "43e27e138ebf9cfc5966b082cf9a028302ed4184",
      "hash": "307f1e95c28f81bfdf2811a2656a93669240b3e1"
    },
    "C:\\Users\\amajain3\\Documents\\atomic-react-components\\lib\\components\\molecules\\Carousel\\types\\index.js": {
      "path": "C:\\Users\\amajain3\\Documents\\atomic-react-components\\lib\\components\\molecules\\Carousel\\types\\index.js",
      "statementMap": {},
      "fnMap": {},
      "branchMap": {},
      "s": {},
      "f": {},
      "b": {},
      "_coverageSchema": "43e27e138ebf9cfc5966b082cf9a028302ed4184",
      "hash": "f7af5b1845d64bea6fd5f7db3ed98210839b1a91"
    },
    "C:\\Users\\amajain3\\Documents\\atomic-react-components\\lib\\components\\molecules\\List\\index.js": {
      "path": "C:\\Users\\amajain3\\Documents\\atomic-react-components\\lib\\components\\molecules\\List\\index.js",
      "statementMap": {},
      "fnMap": {},
      "branchMap": {},
      "s": {},
      "f": {},
      "b": {},
      "_coverageSchema": "43e27e138ebf9cfc5966b082cf9a028302ed4184",
      "hash": "4c60375c320e9f6a395caaaef7b9291d926a2bff"
    },
    "C:\\Users\\amajain3\\Documents\\atomic-react-components\\lib\\components\\molecules\\List\\List.js": {
      "path": "C:\\Users\\amajain3\\Documents\\atomic-react-components\\lib\\components\\molecules\\List\\List.js",
      "statementMap": {
        "0": { "start": { "line": 26, "column": 13 }, "end": { "line": 30, "column": 1 } },
        "1": { "start": { "line": 27, "column": 2 }, "end": { "line": 29, "column": 13 } },
        "2": { "start": { "line": 32, "column": 0 }, "end": { "line": 41, "column": 2 } }
      },
      "fnMap": {
        "0": {
          "name": "(anonymous_0)",
          "decl": { "start": { "line": 26, "column": 13 }, "end": { "line": 26, "column": 14 } },
          "loc": { "start": { "line": 27, "column": 2 }, "end": { "line": 29, "column": 13 } },
          "line": 27
        }
      },
      "branchMap": {
        "0": {
          "loc": { "start": { "line": 26, "column": 27 }, "end": { "line": 26, "column": 42 } },
          "type": "default-arg",
          "locations": [
            { "start": { "line": 26, "column": 38 }, "end": { "line": 26, "column": 42 } }
          ],
          "line": 26
        }
      },
      "s": { "0": 1, "1": 82, "2": 1 },
      "f": { "0": 82 },
      "b": { "0": [0] },
      "_coverageSchema": "43e27e138ebf9cfc5966b082cf9a028302ed4184",
      "hash": "e4abcf8b1e679898de9eadcf437fa540af9f5249"
    },
    "C:\\Users\\amajain3\\Documents\\atomic-react-components\\lib\\components\\molecules\\List\\List.style.js": {
      "path": "C:\\Users\\amajain3\\Documents\\atomic-react-components\\lib\\components\\molecules\\List\\List.style.js",
      "statementMap": {
        "0": { "start": { "line": 4, "column": 25 }, "end": { "line": 4, "column": 51 } },
        "1": { "start": { "line": 6, "column": 30 }, "end": { "line": 6, "column": 56 } },
        "2": { "start": { "line": 9, "column": 4 }, "end": { "line": 15, "column": 10 } },
        "3": { "start": { "line": 18, "column": 4 }, "end": { "line": 24, "column": 10 } },
        "4": { "start": { "line": 27, "column": 4 }, "end": { "line": 32, "column": 10 } },
        "5": { "start": { "line": 35, "column": 4 }, "end": { "line": 42, "column": 10 } },
        "6": { "start": { "line": 45, "column": 4 }, "end": { "line": 61, "column": 10 } },
        "7": { "start": { "line": 63, "column": 14 }, "end": { "line": 63, "column": 64 } }
      },
      "fnMap": {
        "0": {
          "name": "(anonymous_0)",
          "decl": { "start": { "line": 4, "column": 16 }, "end": { "line": 4, "column": 17 } },
          "loc": { "start": { "line": 4, "column": 25 }, "end": { "line": 4, "column": 51 } },
          "line": 4
        },
        "1": {
          "name": "(anonymous_1)",
          "decl": { "start": { "line": 6, "column": 21 }, "end": { "line": 6, "column": 22 } },
          "loc": { "start": { "line": 6, "column": 30 }, "end": { "line": 6, "column": 56 } },
          "line": 6
        },
        "2": {
          "name": "(anonymous_2)",
          "decl": { "start": { "line": 8, "column": 4 }, "end": { "line": 8, "column": 5 } },
          "loc": { "start": { "line": 9, "column": 4 }, "end": { "line": 15, "column": 10 } },
          "line": 9
        },
        "3": {
          "name": "(anonymous_3)",
          "decl": { "start": { "line": 17, "column": 4 }, "end": { "line": 17, "column": 5 } },
          "loc": { "start": { "line": 18, "column": 4 }, "end": { "line": 24, "column": 10 } },
          "line": 18
        },
        "4": {
          "name": "(anonymous_4)",
          "decl": { "start": { "line": 26, "column": 4 }, "end": { "line": 26, "column": 5 } },
          "loc": { "start": { "line": 27, "column": 4 }, "end": { "line": 32, "column": 10 } },
          "line": 27
        },
        "5": {
          "name": "(anonymous_5)",
          "decl": { "start": { "line": 34, "column": 4 }, "end": { "line": 34, "column": 5 } },
          "loc": { "start": { "line": 35, "column": 4 }, "end": { "line": 42, "column": 10 } },
          "line": 35
        },
        "6": {
          "name": "(anonymous_6)",
          "decl": { "start": { "line": 44, "column": 4 }, "end": { "line": 44, "column": 5 } },
          "loc": { "start": { "line": 45, "column": 4 }, "end": { "line": 61, "column": 10 } },
          "line": 45
        },
        "7": {
          "name": "(anonymous_7)",
          "decl": { "start": { "line": 63, "column": 4 }, "end": { "line": 63, "column": 5 } },
          "loc": { "start": { "line": 63, "column": 14 }, "end": { "line": 63, "column": 64 } },
          "line": 63
        }
      },
      "branchMap": {
        "0": {
          "loc": { "start": { "line": 9, "column": 4 }, "end": { "line": 15, "column": 10 } },
          "type": "cond-expr",
          "locations": [
            { "start": { "line": 10, "column": 8 }, "end": { "line": 14, "column": 7 } },
            { "start": { "line": 15, "column": 8 }, "end": { "line": 15, "column": 10 } }
          ],
          "line": 9
        },
        "1": {
          "loc": { "start": { "line": 18, "column": 4 }, "end": { "line": 24, "column": 10 } },
          "type": "cond-expr",
          "locations": [
            { "start": { "line": 19, "column": 8 }, "end": { "line": 23, "column": 7 } },
            { "start": { "line": 24, "column": 8 }, "end": { "line": 24, "column": 10 } }
          ],
          "line": 18
        },
        "2": {
          "loc": { "start": { "line": 27, "column": 4 }, "end": { "line": 32, "column": 10 } },
          "type": "cond-expr",
          "locations": [
            { "start": { "line": 28, "column": 8 }, "end": { "line": 31, "column": 7 } },
            { "start": { "line": 32, "column": 8 }, "end": { "line": 32, "column": 10 } }
          ],
          "line": 27
        },
        "3": {
          "loc": { "start": { "line": 35, "column": 4 }, "end": { "line": 42, "column": 10 } },
          "type": "cond-expr",
          "locations": [
            { "start": { "line": 36, "column": 8 }, "end": { "line": 41, "column": 7 } },
            { "start": { "line": 42, "column": 8 }, "end": { "line": 42, "column": 10 } }
          ],
          "line": 35
        },
        "4": {
          "loc": { "start": { "line": 45, "column": 4 }, "end": { "line": 61, "column": 10 } },
          "type": "cond-expr",
          "locations": [
            { "start": { "line": 46, "column": 8 }, "end": { "line": 60, "column": 7 } },
            { "start": { "line": 61, "column": 8 }, "end": { "line": 61, "column": 10 } }
          ],
          "line": 45
        },
        "5": {
          "loc": { "start": { "line": 63, "column": 14 }, "end": { "line": 63, "column": 64 } },
          "type": "cond-expr",
          "locations": [
            { "start": { "line": 63, "column": 38 }, "end": { "line": 63, "column": 59 } },
            { "start": { "line": 63, "column": 62 }, "end": { "line": 63, "column": 64 } }
          ],
          "line": 63
        }
      },
      "s": { "0": 82, "1": 82, "2": 82, "3": 82, "4": 82, "5": 82, "6": 82, "7": 82 },
      "f": { "0": 82, "1": 82, "2": 82, "3": 82, "4": 82, "5": 82, "6": 82, "7": 82 },
      "b": { "0": [0, 82], "1": [0, 82], "2": [0, 82], "3": [0, 82], "4": [0, 82], "5": [0, 82] },
      "_coverageSchema": "43e27e138ebf9cfc5966b082cf9a028302ed4184",
      "hash": "fd015521b2e82f7897fab2ec86d774a6475a3f49"
    },
    "C:\\Users\\amajain3\\Documents\\atomic-react-components\\lib\\components\\atoms\\Button\\index.js": {
      "path": "C:\\Users\\amajain3\\Documents\\atomic-react-components\\lib\\components\\atoms\\Button\\index.js",
      "statementMap": {},
      "fnMap": {},
      "branchMap": {},
      "s": {},
      "f": {},
      "b": {},
      "_coverageSchema": "43e27e138ebf9cfc5966b082cf9a028302ed4184",
      "hash": "19fe8cb0eb7b8b92e532921a7ba4ac9247524e6d"
    },
    "C:\\Users\\amajain3\\Documents\\atomic-react-components\\lib\\components\\atoms\\Button\\Button.js": {
      "path": "C:\\Users\\amajain3\\Documents\\atomic-react-components\\lib\\components\\atoms\\Button\\Button.js",
      "statementMap": {
        "0": { "start": { "line": 24, "column": 15 }, "end": { "line": 50, "column": 1 } },
        "1": { "start": { "line": 39, "column": 2 }, "end": { "line": 49, "column": 11 } },
        "2": { "start": { "line": 52, "column": 0 }, "end": { "line": 64, "column": 2 } }
      },
      "fnMap": {
        "0": {
          "name": "(anonymous_0)",
          "decl": { "start": { "line": 24, "column": 15 }, "end": { "line": 24, "column": 16 } },
          "loc": { "start": { "line": 39, "column": 2 }, "end": { "line": 49, "column": 11 } },
          "line": 39
        }
      },
      "branchMap": {
        "0": {
          "loc": { "start": { "line": 40, "column": 16 }, "end": { "line": 40, "column": 33 } },
          "type": "binary-expr",
          "locations": [
            { "start": { "line": 40, "column": 16 }, "end": { "line": 40, "column": 25 } },
            { "start": { "line": 40, "column": 29 }, "end": { "line": 40, "column": 33 } }
          ],
          "line": 40
        },
        "1": {
          "loc": { "start": { "line": 44, "column": 18 }, "end": { "line": 44, "column": 86 } },
          "type": "binary-expr",
          "locations": [
            { "start": { "line": 44, "column": 18 }, "end": { "line": 44, "column": 32 } },
            { "start": { "line": 44, "column": 36 }, "end": { "line": 44, "column": 86 } }
          ],
          "line": 44
        }
      },
      "s": { "0": 1, "1": 257, "2": 1 },
      "f": { "0": 257 },
      "b": { "0": [257, 257], "1": [257, 257] },
      "_coverageSchema": "43e27e138ebf9cfc5966b082cf9a028302ed4184",
      "hash": "e68ddc470e489c6a523ffb159852347b9dede99a"
    },
    "C:\\Users\\amajain3\\Documents\\atomic-react-components\\lib\\core\\utils\\elementLocator.js": {
      "path": "C:\\Users\\amajain3\\Documents\\atomic-react-components\\lib\\core\\utils\\elementLocator.js",
      "statementMap": {
        "0": { "start": { "line": 4, "column": 36 }, "end": { "line": 20, "column": 1 } },
        "1": { "start": { "line": 5, "column": 14 }, "end": { "line": 5, "column": 16 } },
        "2": { "start": { "line": 7, "column": 2 }, "end": { "line": 18, "column": 5 } },
        "3": { "start": { "line": 8, "column": 24 }, "end": { "line": 8, "column": 29 } },
        "4": { "start": { "line": 10, "column": 4 }, "end": { "line": 16, "column": 5 } },
        "5": { "start": { "line": 11, "column": 6 }, "end": { "line": 15, "column": 9 } },
        "6": { "start": { "line": 12, "column": 8 }, "end": { "line": 12, "column": 78 } },
        "7": { "start": { "line": 13, "column": 8 }, "end": { "line": 13, "column": 51 } },
        "8": { "start": { "line": 13, "column": 30 }, "end": { "line": 13, "column": 51 } },
        "9": { "start": { "line": 14, "column": 8 }, "end": { "line": 14, "column": 29 } },
        "10": { "start": { "line": 17, "column": 4 }, "end": { "line": 17, "column": 45 } },
        "11": { "start": { "line": 19, "column": 2 }, "end": { "line": 19, "column": 29 } }
      },
      "fnMap": {
        "0": {
          "name": "(anonymous_0)",
          "decl": { "start": { "line": 4, "column": 36 }, "end": { "line": 4, "column": 37 } },
          "loc": { "start": { "line": 4, "column": 48 }, "end": { "line": 20, "column": 1 } },
          "line": 4
        },
        "1": {
          "name": "(anonymous_1)",
          "decl": { "start": { "line": 7, "column": 34 }, "end": { "line": 7, "column": 35 } },
          "loc": { "start": { "line": 7, "column": 57 }, "end": { "line": 18, "column": 3 } },
          "line": 7
        },
        "2": {
          "name": "(anonymous_2)",
          "decl": { "start": { "line": 11, "column": 28 }, "end": { "line": 11, "column": 29 } },
          "loc": { "start": { "line": 11, "column": 51 }, "end": { "line": 15, "column": 7 } },
          "line": 11
        }
      },
      "branchMap": {
        "0": {
          "loc": { "start": { "line": 10, "column": 4 }, "end": { "line": 16, "column": 5 } },
          "type": "if",
          "locations": [
            { "start": { "line": 10, "column": 4 }, "end": { "line": 16, "column": 5 } },
            { "start": { "line": 10, "column": 4 }, "end": { "line": 16, "column": 5 } }
          ],
          "line": 10
        },
        "1": {
          "loc": { "start": { "line": 12, "column": 20 }, "end": { "line": 12, "column": 67 } },
          "type": "cond-expr",
          "locations": [
            { "start": { "line": 12, "column": 59 }, "end": { "line": 12, "column": 61 } },
            { "start": { "line": 12, "column": 64 }, "end": { "line": 12, "column": 67 } }
          ],
          "line": 12
        },
        "2": {
          "loc": { "start": { "line": 12, "column": 20 }, "end": { "line": 12, "column": 56 } },
          "type": "binary-expr",
          "locations": [
            { "start": { "line": 12, "column": 20 }, "end": { "line": 12, "column": 36 } },
            { "start": { "line": 12, "column": 40 }, "end": { "line": 12, "column": 56 } }
          ],
          "line": 12
        },
        "3": {
          "loc": { "start": { "line": 13, "column": 8 }, "end": { "line": 13, "column": 51 } },
          "type": "if",
          "locations": [
            { "start": { "line": 13, "column": 8 }, "end": { "line": 13, "column": 51 } },
            { "start": { "line": 13, "column": 8 }, "end": { "line": 13, "column": 51 } }
          ],
          "line": 13
        },
        "4": {
          "loc": { "start": { "line": 17, "column": 11 }, "end": { "line": 17, "column": 44 } },
          "type": "binary-expr",
          "locations": [
            { "start": { "line": 17, "column": 11 }, "end": { "line": 17, "column": 24 } },
            { "start": { "line": 17, "column": 28 }, "end": { "line": 17, "column": 44 } }
          ],
          "line": 17
        }
      },
      "s": {
        "0": 1,
        "1": 257,
        "2": 257,
        "3": 257,
        "4": 257,
        "5": 64,
        "6": 64,
        "7": 64,
        "8": 0,
        "9": 64,
        "10": 257,
        "11": 257
      },
      "f": { "0": 257, "1": 257, "2": 64 },
      "b": { "0": [64, 193], "1": [64, 0], "2": [64, 64], "3": [0, 64], "4": [257, 257] },
      "_coverageSchema": "43e27e138ebf9cfc5966b082cf9a028302ed4184",
      "hash": "df23705dc4ed9c1452422272d14cba347e9607ce"
    },
    "C:\\Users\\amajain3\\Documents\\atomic-react-components\\lib\\components\\atoms\\Button\\Button.style.js": {
      "path": "C:\\Users\\amajain3\\Documents\\atomic-react-components\\lib\\components\\atoms\\Button\\Button.style.js",
      "statementMap": {
        "0": { "start": { "line": 3, "column": 21 }, "end": { "line": 50, "column": 1 } },
        "1": { "start": { "line": 8, "column": 22 }, "end": { "line": 8, "column": 64 } },
        "2": { "start": { "line": 9, "column": 13 }, "end": { "line": 13, "column": 3 } },
        "3": { "start": { "line": 14, "column": 13 }, "end": { "line": 14, "column": 69 } },
        "4": { "start": { "line": 16, "column": 4 }, "end": { "line": 21, "column": 10 } },
        "5": { "start": { "line": 23, "column": 4 }, "end": { "line": 27, "column": 3 } },
        "6": { "start": { "line": 28, "column": 13 }, "end": { "line": 28, "column": 48 } },
        "7": { "start": { "line": 30, "column": 4 }, "end": { "line": 40, "column": 4 } },
        "8": { "start": { "line": 43, "column": 4 }, "end": { "line": 47, "column": 3 } },
        "9": { "start": { "line": 49, "column": 14 }, "end": { "line": 49, "column": 64 } }
      },
      "fnMap": {
        "0": {
          "name": "(anonymous_0)",
          "decl": { "start": { "line": 8, "column": 12 }, "end": { "line": 8, "column": 13 } },
          "loc": { "start": { "line": 8, "column": 22 }, "end": { "line": 8, "column": 64 } },
          "line": 8
        },
        "1": {
          "name": "(anonymous_1)",
          "decl": { "start": { "line": 9, "column": 4 }, "end": { "line": 9, "column": 5 } },
          "loc": { "start": { "line": 9, "column": 13 }, "end": { "line": 13, "column": 3 } },
          "line": 9
        },
        "2": {
          "name": "(anonymous_2)",
          "decl": { "start": { "line": 14, "column": 4 }, "end": { "line": 14, "column": 5 } },
          "loc": { "start": { "line": 14, "column": 13 }, "end": { "line": 14, "column": 69 } },
          "line": 14
        },
        "3": {
          "name": "(anonymous_3)",
          "decl": { "start": { "line": 15, "column": 4 }, "end": { "line": 15, "column": 5 } },
          "loc": { "start": { "line": 16, "column": 4 }, "end": { "line": 21, "column": 10 } },
          "line": 16
        },
        "4": {
          "name": "(anonymous_4)",
          "decl": { "start": { "line": 22, "column": 4 }, "end": { "line": 22, "column": 5 } },
          "loc": { "start": { "line": 23, "column": 4 }, "end": { "line": 27, "column": 3 } },
          "line": 23
        },
        "5": {
          "name": "(anonymous_5)",
          "decl": { "start": { "line": 28, "column": 4 }, "end": { "line": 28, "column": 5 } },
          "loc": { "start": { "line": 28, "column": 13 }, "end": { "line": 28, "column": 48 } },
          "line": 28
        },
        "6": {
          "name": "(anonymous_6)",
          "decl": { "start": { "line": 29, "column": 4 }, "end": { "line": 29, "column": 5 } },
          "loc": { "start": { "line": 30, "column": 4 }, "end": { "line": 40, "column": 4 } },
          "line": 30
        },
        "7": {
          "name": "(anonymous_7)",
          "decl": { "start": { "line": 42, "column": 4 }, "end": { "line": 42, "column": 5 } },
          "loc": { "start": { "line": 43, "column": 4 }, "end": { "line": 47, "column": 3 } },
          "line": 43
        },
        "8": {
          "name": "(anonymous_8)",
          "decl": { "start": { "line": 49, "column": 4 }, "end": { "line": 49, "column": 5 } },
          "loc": { "start": { "line": 49, "column": 14 }, "end": { "line": 49, "column": 64 } },
          "line": 49
        }
      },
      "branchMap": {
        "0": {
          "loc": { "start": { "line": 8, "column": 22 }, "end": { "line": 8, "column": 64 } },
          "type": "cond-expr",
          "locations": [
            { "start": { "line": 8, "column": 39 }, "end": { "line": 8, "column": 52 } },
            { "start": { "line": 8, "column": 55 }, "end": { "line": 8, "column": 64 } }
          ],
          "line": 8
        },
        "1": {
          "loc": { "start": { "line": 14, "column": 13 }, "end": { "line": 14, "column": 69 } },
          "type": "binary-expr",
          "locations": [
            { "start": { "line": 14, "column": 13 }, "end": { "line": 14, "column": 28 } },
            { "start": { "line": 14, "column": 32 }, "end": { "line": 14, "column": 69 } }
          ],
          "line": 14
        },
        "2": {
          "loc": { "start": { "line": 16, "column": 4 }, "end": { "line": 21, "column": 10 } },
          "type": "cond-expr",
          "locations": [
            { "start": { "line": 17, "column": 8 }, "end": { "line": 20, "column": 3 } },
            { "start": { "line": 21, "column": 8 }, "end": { "line": 21, "column": 10 } }
          ],
          "line": 16
        },
        "3": {
          "loc": { "start": { "line": 23, "column": 4 }, "end": { "line": 27, "column": 3 } },
          "type": "binary-expr",
          "locations": [
            { "start": { "line": 23, "column": 4 }, "end": { "line": 23, "column": 35 } },
            { "start": { "line": 24, "column": 4 }, "end": { "line": 27, "column": 3 } }
          ],
          "line": 23
        },
        "4": {
          "loc": { "start": { "line": 28, "column": 13 }, "end": { "line": 28, "column": 48 } },
          "type": "binary-expr",
          "locations": [
            { "start": { "line": 28, "column": 13 }, "end": { "line": 28, "column": 28 } },
            { "start": { "line": 28, "column": 32 }, "end": { "line": 28, "column": 48 } }
          ],
          "line": 28
        },
        "5": {
          "loc": { "start": { "line": 30, "column": 4 }, "end": { "line": 40, "column": 4 } },
          "type": "binary-expr",
          "locations": [
            { "start": { "line": 30, "column": 4 }, "end": { "line": 30, "column": 33 } },
            { "start": { "line": 31, "column": 4 }, "end": { "line": 40, "column": 4 } }
          ],
          "line": 30
        },
        "6": {
          "loc": { "start": { "line": 43, "column": 4 }, "end": { "line": 47, "column": 3 } },
          "type": "binary-expr",
          "locations": [
            { "start": { "line": 43, "column": 4 }, "end": { "line": 43, "column": 21 } },
            { "start": { "line": 44, "column": 4 }, "end": { "line": 47, "column": 3 } }
          ],
          "line": 43
        },
        "7": {
          "loc": { "start": { "line": 49, "column": 14 }, "end": { "line": 49, "column": 64 } },
          "type": "cond-expr",
          "locations": [
            { "start": { "line": 49, "column": 38 }, "end": { "line": 49, "column": 59 } },
            { "start": { "line": 49, "column": 62 }, "end": { "line": 49, "column": 64 } }
          ],
          "line": 49
        }
      },
      "s": {
        "0": 1,
        "1": 257,
        "2": 257,
        "3": 257,
        "4": 257,
        "5": 257,
        "6": 257,
        "7": 257,
        "8": 257,
        "9": 257
      },
      "f": {
        "0": 257,
        "1": 257,
        "2": 257,
        "3": 257,
        "4": 257,
        "5": 257,
        "6": 257,
        "7": 257,
        "8": 257
      },
      "b": {
        "0": [12, 245],
        "1": [257, 0],
        "2": [0, 257],
        "3": [257, 0],
        "4": [257, 0],
        "5": [257, 0],
        "6": [257, 0],
        "7": [0, 257]
      },
      "_coverageSchema": "43e27e138ebf9cfc5966b082cf9a028302ed4184",
      "hash": "1aafeeb289d87120808a9847a974f4ad9e0d5da6"
    },
    "C:\\Users\\amajain3\\Documents\\atomic-react-components\\lib\\core\\utils\\noop.js": {
      "path": "C:\\Users\\amajain3\\Documents\\atomic-react-components\\lib\\core\\utils\\noop.js",
      "statementMap": {
        "0": { "start": { "line": 1, "column": 20 }, "end": { "line": 1, "column": 36 } },
        "1": { "start": { "line": 1, "column": 26 }, "end": { "line": 1, "column": 36 } },
        "2": { "start": { "line": 1, "column": 32 }, "end": { "line": 1, "column": 36 } }
      },
      "fnMap": {
        "0": {
          "name": "(anonymous_0)",
          "decl": { "start": { "line": 1, "column": 20 }, "end": { "line": 1, "column": 21 } },
          "loc": { "start": { "line": 1, "column": 26 }, "end": { "line": 1, "column": 36 } },
          "line": 1
        },
        "1": {
          "name": "(anonymous_1)",
          "decl": { "start": { "line": 1, "column": 26 }, "end": { "line": 1, "column": 27 } },
          "loc": { "start": { "line": 1, "column": 32 }, "end": { "line": 1, "column": 36 } },
          "line": 1
        }
      },
      "branchMap": {},
      "s": { "0": 0, "1": 0, "2": 0 },
      "f": { "0": 0, "1": 0 },
      "b": {},
      "hash": "56361c545e1afcbac16ab5dd276e76ac77caaf15"
    },
    "C:\\Users\\amajain3\\Documents\\atomic-react-components\\lib\\components\\atoms\\Heading\\Heading.js": {
      "path": "C:\\Users\\amajain3\\Documents\\atomic-react-components\\lib\\components\\atoms\\Heading\\Heading.js",
      "statementMap": {
        "0": { "start": { "line": 17, "column": 16 }, "end": { "line": 32, "column": 1 } },
        "1": { "start": { "line": 25, "column": 2 }, "end": { "line": 31, "column": 16 } },
        "2": { "start": { "line": 34, "column": 0 }, "end": { "line": 38, "column": 2 } }
      },
      "fnMap": {
        "0": {
          "name": "(anonymous_0)",
          "decl": { "start": { "line": 17, "column": 16 }, "end": { "line": 17, "column": 17 } },
          "loc": { "start": { "line": 25, "column": 2 }, "end": { "line": 31, "column": 16 } },
          "line": 25
        }
      },
      "branchMap": {
        "0": {
          "loc": { "start": { "line": 20, "column": 2 }, "end": { "line": 20, "column": 20 } },
          "type": "default-arg",
          "locations": [
            { "start": { "line": 20, "column": 16 }, "end": { "line": 20, "column": 20 } }
          ],
          "line": 20
        },
        "1": {
          "loc": { "start": { "line": 27, "column": 18 }, "end": { "line": 27, "column": 94 } },
          "type": "binary-expr",
          "locations": [
            { "start": { "line": 27, "column": 18 }, "end": { "line": 27, "column": 32 } },
            { "start": { "line": 27, "column": 36 }, "end": { "line": 27, "column": 94 } }
          ],
          "line": 27
        }
      },
      "s": { "0": 0, "1": 0, "2": 0 },
      "f": { "0": 0 },
      "b": { "0": [0], "1": [0, 0] },
      "hash": "b864fb8fcd5b059069b47b0e275ee8bd57634e4a"
    },
    "C:\\Users\\amajain3\\Documents\\atomic-react-components\\lib\\core\\utils\\getDisplayName.js": {
      "path": "C:\\Users\\amajain3\\Documents\\atomic-react-components\\lib\\core\\utils\\getDisplayName.js",
      "statementMap": {
        "0": { "start": { "line": 1, "column": 30 }, "end": { "line": 3, "column": 1 } },
        "1": { "start": { "line": 2, "column": 2 }, "end": { "line": 2, "column": 78 } }
      },
      "fnMap": {
        "0": {
          "name": "(anonymous_0)",
          "decl": { "start": { "line": 1, "column": 30 }, "end": { "line": 1, "column": 31 } },
          "loc": { "start": { "line": 1, "column": 50 }, "end": { "line": 3, "column": 1 } },
          "line": 1
        }
      },
      "branchMap": {
        "0": {
          "loc": { "start": { "line": 2, "column": 9 }, "end": { "line": 2, "column": 77 } },
          "type": "binary-expr",
          "locations": [
            { "start": { "line": 2, "column": 9 }, "end": { "line": 2, "column": 37 } },
            { "start": { "line": 2, "column": 41 }, "end": { "line": 2, "column": 62 } },
            { "start": { "line": 2, "column": 66 }, "end": { "line": 2, "column": 77 } }
          ],
          "line": 2
        }
      },
      "s": { "0": 0, "1": 0 },
      "f": { "0": 0 },
      "b": { "0": [0, 0, 0] },
      "hash": "4accef47ced4fab4b6d2b0a48f230d6f5048ed19"
    },
    "C:\\Users\\amajain3\\Documents\\atomic-react-components\\lib\\components\\atoms\\Heading\\index.js": {
      "path": "C:\\Users\\amajain3\\Documents\\atomic-react-components\\lib\\components\\atoms\\Heading\\index.js",
      "statementMap": {},
      "fnMap": {},
      "branchMap": {},
      "s": {},
      "f": {},
      "b": {},
      "hash": "062a1df92217aaf80be2b289f7cc129b9d79d77b"
    },
    "C:\\Users\\amajain3\\Documents\\atomic-react-components\\lib\\components\\atoms\\Heading\\Heading.style.js": {
      "path": "C:\\Users\\amajain3\\Documents\\atomic-react-components\\lib\\components\\atoms\\Heading\\Heading.style.js",
      "statementMap": {
        "0": { "start": { "line": 5, "column": 4 }, "end": { "line": 16, "column": 5 } },
        "1": { "start": { "line": 7, "column": 8 }, "end": { "line": 7, "column": 46 } },
        "2": { "start": { "line": 9, "column": 8 }, "end": { "line": 9, "column": 46 } },
        "3": { "start": { "line": 11, "column": 8 }, "end": { "line": 11, "column": 46 } },
        "4": { "start": { "line": 13, "column": 8 }, "end": { "line": 13, "column": 46 } },
        "5": { "start": { "line": 15, "column": 8 }, "end": { "line": 15, "column": 51 } },
        "6": { "start": { "line": 18, "column": 14 }, "end": { "line": 18, "column": 64 } }
      },
      "fnMap": {
        "0": {
          "name": "(anonymous_0)",
          "decl": { "start": { "line": 4, "column": 4 }, "end": { "line": 4, "column": 5 } },
          "loc": { "start": { "line": 4, "column": 13 }, "end": { "line": 17, "column": 3 } },
          "line": 4
        },
        "1": {
          "name": "(anonymous_1)",
          "decl": { "start": { "line": 18, "column": 4 }, "end": { "line": 18, "column": 5 } },
          "loc": { "start": { "line": 18, "column": 14 }, "end": { "line": 18, "column": 64 } },
          "line": 18
        }
      },
      "branchMap": {
        "0": {
          "loc": { "start": { "line": 5, "column": 4 }, "end": { "line": 16, "column": 5 } },
          "type": "switch",
          "locations": [
            { "start": { "line": 6, "column": 6 }, "end": { "line": 7, "column": 46 } },
            { "start": { "line": 8, "column": 6 }, "end": { "line": 9, "column": 46 } },
            { "start": { "line": 10, "column": 6 }, "end": { "line": 11, "column": 46 } },
            { "start": { "line": 12, "column": 6 }, "end": { "line": 13, "column": 46 } },
            { "start": { "line": 14, "column": 6 }, "end": { "line": 15, "column": 51 } }
          ],
          "line": 5
        },
        "1": {
          "loc": { "start": { "line": 18, "column": 14 }, "end": { "line": 18, "column": 64 } },
          "type": "cond-expr",
          "locations": [
            { "start": { "line": 18, "column": 38 }, "end": { "line": 18, "column": 59 } },
            { "start": { "line": 18, "column": 62 }, "end": { "line": 18, "column": 64 } }
          ],
          "line": 18
        }
      },
      "s": { "0": 0, "1": 0, "2": 0, "3": 0, "4": 0, "5": 0, "6": 0 },
      "f": { "0": 0, "1": 0 },
      "b": { "0": [0, 0, 0, 0, 0], "1": [0, 0] },
      "hash": "f7b78f4e615b1b78f2c698d1673949f750f1d4ef"
    },
    "C:\\Users\\amajain3\\Documents\\atomic-react-components\\lib\\components\\atoms\\FieldError\\FieldError.style.js": {
      "path": "C:\\Users\\amajain3\\Documents\\atomic-react-components\\lib\\components\\atoms\\FieldError\\FieldError.style.js",
      "statementMap": {
        "0": { "start": { "line": 3, "column": 15 }, "end": { "line": 10, "column": 1 } },
        "1": { "start": { "line": 4, "column": 13 }, "end": { "line": 4, "column": 46 } },
        "2": { "start": { "line": 5, "column": 13 }, "end": { "line": 5, "column": 42 } },
        "3": { "start": { "line": 9, "column": 14 }, "end": { "line": 9, "column": 64 } }
      },
      "fnMap": {
        "0": {
          "name": "(anonymous_0)",
          "decl": { "start": { "line": 4, "column": 4 }, "end": { "line": 4, "column": 5 } },
          "loc": { "start": { "line": 4, "column": 13 }, "end": { "line": 4, "column": 46 } },
          "line": 4
        },
        "1": {
          "name": "(anonymous_1)",
          "decl": { "start": { "line": 5, "column": 4 }, "end": { "line": 5, "column": 5 } },
          "loc": { "start": { "line": 5, "column": 13 }, "end": { "line": 5, "column": 42 } },
          "line": 5
        },
        "2": {
          "name": "(anonymous_2)",
          "decl": { "start": { "line": 9, "column": 4 }, "end": { "line": 9, "column": 5 } },
          "loc": { "start": { "line": 9, "column": 14 }, "end": { "line": 9, "column": 64 } },
          "line": 9
        }
      },
      "branchMap": {
        "0": {
          "loc": { "start": { "line": 9, "column": 14 }, "end": { "line": 9, "column": 64 } },
          "type": "cond-expr",
          "locations": [
            { "start": { "line": 9, "column": 38 }, "end": { "line": 9, "column": 59 } },
            { "start": { "line": 9, "column": 62 }, "end": { "line": 9, "column": 64 } }
          ],
          "line": 9
        }
      },
      "s": { "0": 0, "1": 0, "2": 0, "3": 0 },
      "f": { "0": 0, "1": 0, "2": 0 },
      "b": { "0": [0, 0] },
      "hash": "9dc642231188b43cd909069e0be8bf0cab9242c9"
    },
    "C:\\Users\\amajain3\\Documents\\atomic-react-components\\lib\\components\\atoms\\FieldError\\FieldError.js": {
      "path": "C:\\Users\\amajain3\\Documents\\atomic-react-components\\lib\\components\\atoms\\FieldError\\FieldError.js",
      "statementMap": {
        "0": { "start": { "line": 17, "column": 19 }, "end": { "line": 37, "column": 1 } },
        "1": { "start": { "line": 25, "column": 2 }, "end": { "line": 36, "column": 4 } },
        "2": { "start": { "line": 39, "column": 0 }, "end": { "line": 44, "column": 2 } }
      },
      "fnMap": {
        "0": {
          "name": "(anonymous_0)",
          "decl": { "start": { "line": 17, "column": 19 }, "end": { "line": 17, "column": 20 } },
          "loc": { "start": { "line": 24, "column": 19 }, "end": { "line": 37, "column": 1 } },
          "line": 24
        }
      },
      "branchMap": {
        "0": {
          "loc": { "start": { "line": 30, "column": 20 }, "end": { "line": 30, "column": 59 } },
          "type": "cond-expr",
          "locations": [
            { "start": { "line": 30, "column": 33 }, "end": { "line": 30, "column": 54 } },
            { "start": { "line": 30, "column": 57 }, "end": { "line": 30, "column": 59 } }
          ],
          "line": 30
        },
        "1": {
          "loc": { "start": { "line": 31, "column": 20 }, "end": { "line": 31, "column": 85 } },
          "type": "binary-expr",
          "locations": [
            { "start": { "line": 31, "column": 20 }, "end": { "line": 31, "column": 34 } },
            { "start": { "line": 31, "column": 38 }, "end": { "line": 31, "column": 85 } }
          ],
          "line": 31
        }
      },
      "s": { "0": 0, "1": 0, "2": 0 },
      "f": { "0": 0 },
      "b": { "0": [0, 0], "1": [0, 0] },
      "hash": "9040ed843f431501fb1ff908bf5e96ae43e6978a"
    },
    "C:\\Users\\amajain3\\Documents\\atomic-react-components\\lib\\components\\atoms\\FieldError\\index.js": {
      "path": "C:\\Users\\amajain3\\Documents\\atomic-react-components\\lib\\components\\atoms\\FieldError\\index.js",
      "statementMap": {},
      "fnMap": {},
      "branchMap": {},
      "s": {},
      "f": {},
      "b": {},
      "hash": "6f7d5f55e8900d65daf0324919e978cebf38d147"
    },
    "C:\\Users\\amajain3\\Documents\\atomic-react-components\\lib\\components\\atoms\\Icon\\Icon.js": {
      "path": "C:\\Users\\amajain3\\Documents\\atomic-react-components\\lib\\components\\atoms\\Icon\\Icon.js",
      "statementMap": {
        "0": { "start": { "line": 14, "column": 13 }, "end": { "line": 20, "column": 1 } },
        "1": { "start": { "line": 15, "column": 2 }, "end": { "line": 19, "column": 4 } }
      },
      "fnMap": {
        "0": {
          "name": "(anonymous_0)",
          "decl": { "start": { "line": 14, "column": 13 }, "end": { "line": 14, "column": 14 } },
          "loc": { "start": { "line": 14, "column": 63 }, "end": { "line": 20, "column": 1 } },
          "line": 14
        }
      },
      "branchMap": {},
      "s": { "0": 0, "1": 0 },
      "f": { "0": 0 },
      "b": {},
      "hash": "0dc70d98e042af71cd9517d25f6745d2040cec1a"
    },
    "C:\\Users\\amajain3\\Documents\\atomic-react-components\\lib\\components\\atoms\\Icon\\Icon.style.js": {
      "path": "C:\\Users\\amajain3\\Documents\\atomic-react-components\\lib\\components\\atoms\\Icon\\Icon.style.js",
      "statementMap": {
        "0": { "start": { "line": 9, "column": 39 }, "end": { "line": 9, "column": 66 } },
        "1": { "start": { "line": 13, "column": 23 }, "end": { "line": 13, "column": 57 } },
        "2": { "start": { "line": 14, "column": 24 }, "end": { "line": 14, "column": 60 } },
        "3": { "start": { "line": 17, "column": 14 }, "end": { "line": 17, "column": 64 } }
      },
      "fnMap": {
        "0": {
          "name": "(anonymous_0)",
          "decl": { "start": { "line": 9, "column": 30 }, "end": { "line": 9, "column": 31 } },
          "loc": { "start": { "line": 9, "column": 39 }, "end": { "line": 9, "column": 66 } },
          "line": 9
        },
        "1": {
          "name": "(anonymous_1)",
          "decl": { "start": { "line": 13, "column": 13 }, "end": { "line": 13, "column": 14 } },
          "loc": { "start": { "line": 13, "column": 23 }, "end": { "line": 13, "column": 57 } },
          "line": 13
        },
        "2": {
          "name": "(anonymous_2)",
          "decl": { "start": { "line": 14, "column": 14 }, "end": { "line": 14, "column": 15 } },
          "loc": { "start": { "line": 14, "column": 24 }, "end": { "line": 14, "column": 60 } },
          "line": 14
        },
        "3": {
          "name": "(anonymous_3)",
          "decl": { "start": { "line": 17, "column": 4 }, "end": { "line": 17, "column": 5 } },
          "loc": { "start": { "line": 17, "column": 14 }, "end": { "line": 17, "column": 64 } },
          "line": 17
        }
      },
      "branchMap": {
        "0": {
          "loc": { "start": { "line": 13, "column": 23 }, "end": { "line": 13, "column": 57 } },
          "type": "cond-expr",
          "locations": [
            { "start": { "line": 13, "column": 37 }, "end": { "line": 13, "column": 48 } },
            { "start": { "line": 13, "column": 51 }, "end": { "line": 13, "column": 57 } }
          ],
          "line": 13
        },
        "1": {
          "loc": { "start": { "line": 14, "column": 24 }, "end": { "line": 14, "column": 60 } },
          "type": "cond-expr",
          "locations": [
            { "start": { "line": 14, "column": 39 }, "end": { "line": 14, "column": 51 } },
            { "start": { "line": 14, "column": 54 }, "end": { "line": 14, "column": 60 } }
          ],
          "line": 14
        },
        "2": {
          "loc": { "start": { "line": 17, "column": 14 }, "end": { "line": 17, "column": 64 } },
          "type": "cond-expr",
          "locations": [
            { "start": { "line": 17, "column": 38 }, "end": { "line": 17, "column": 59 } },
            { "start": { "line": 17, "column": 62 }, "end": { "line": 17, "column": 64 } }
          ],
          "line": 17
        }
      },
      "s": { "0": 0, "1": 0, "2": 0, "3": 0 },
      "f": { "0": 0, "1": 0, "2": 0, "3": 0 },
      "b": { "0": [0, 0], "1": [0, 0], "2": [0, 0] },
      "hash": "7da70928047cc0952f2302ac896dc3f707baf6d9"
    },
    "C:\\Users\\amajain3\\Documents\\atomic-react-components\\lib\\components\\atoms\\Icon\\index.js": {
      "path": "C:\\Users\\amajain3\\Documents\\atomic-react-components\\lib\\components\\atoms\\Icon\\index.js",
      "statementMap": {},
      "fnMap": {},
      "branchMap": {},
      "s": {},
      "f": {},
      "b": {},
      "hash": "e6f92c87700dbce2af955860b6dc3ca447369609"
    },
    "C:\\Users\\amajain3\\Documents\\atomic-react-components\\lib\\components\\atoms\\Input\\index.js": {
      "path": "C:\\Users\\amajain3\\Documents\\atomic-react-components\\lib\\components\\atoms\\Input\\index.js",
      "statementMap": {},
      "fnMap": {},
      "branchMap": {},
      "s": {},
      "f": {},
      "b": {},
      "hash": "10a7d4d9a2c4558ea9b460a7b63fab9d65104c58"
    },
    "C:\\Users\\amajain3\\Documents\\atomic-react-components\\lib\\components\\atoms\\Input\\Input.js": {
      "path": "C:\\Users\\amajain3\\Documents\\atomic-react-components\\lib\\components\\atoms\\Input\\Input.js",
      "statementMap": {
        "0": { "start": { "line": 19, "column": 14 }, "end": { "line": 37, "column": 1 } },
        "1": { "start": { "line": 24, "column": 4 }, "end": { "line": 35, "column": 6 } },
        "2": { "start": { "line": 38, "column": 0 }, "end": { "line": 45, "column": 2 } }
      },
      "fnMap": {
        "0": {
          "name": "(anonymous_0)",
          "decl": { "start": { "line": 20, "column": 2 }, "end": { "line": 20, "column": 3 } },
          "loc": { "start": { "line": 24, "column": 4 }, "end": { "line": 35, "column": 6 } },
          "line": 24
        }
      },
      "branchMap": {
        "0": {
          "loc": { "start": { "line": 31, "column": 13 }, "end": { "line": 31, "column": 48 } },
[...]
          "loc": { "start": { "line": 37, "column": 28 }, "end": { "line": 49, "column": 7 } },
          "line": 37
        },
        "2": {
          "name": "(anonymous_2)",
          "decl": { "start": { "line": 43, "column": 22 }, "end": { "line": 43, "column": 23 } },
          "loc": { "start": { "line": 43, "column": 27 }, "end": { "line": 46, "column": 13 } },
          "line": 43
        }
      },
      "branchMap": {
        "0": {
          "loc": { "start": { "line": 45, "column": 14 }, "end": { "line": 45, "column": 68 } },
          "type": "if",
          "locations": [
            { "start": { "line": 45, "column": 14 }, "end": { "line": 45, "column": 68 } },
            { "start": { "line": 45, "column": 14 }, "end": { "line": 45, "column": 68 } }
          ],
          "line": 45
        }
      },
      "s": { "0": 0, "1": 0, "2": 0, "3": 0, "4": 0, "5": 0, "6": 0, "7": 0 },
      "f": { "0": 0, "1": 0, "2": 0 },
      "b": { "0": [0, 0] },
      "hash": "67d9a676e2eb5fb9124207002a8acf1677d6778c"
    },
    "C:\\Users\\amajain3\\Documents\\atomic-react-components\\lib\\components\\molecules\\Tabs\\TabPanel\\TabPanel.js": {
      "path": "C:\\Users\\amajain3\\Documents\\atomic-react-components\\lib\\components\\molecules\\Tabs\\TabPanel\\TabPanel.js",
      "statementMap": {
        "0": { "start": { "line": 22, "column": 17 }, "end": { "line": 35, "column": 1 } },
        "1": { "start": { "line": 23, "column": 2 }, "end": { "line": 34, "column": 8 } },
        "2": { "start": { "line": 37, "column": 0 }, "end": { "line": 40, "column": 2 } }
      },
      "fnMap": {
        "0": {
          "name": "(anonymous_0)",
          "decl": { "start": { "line": 22, "column": 17 }, "end": { "line": 22, "column": 18 } },
          "loc": { "start": { "line": 23, "column": 2 }, "end": { "line": 34, "column": 8 } },
          "line": 23
        }
      },
      "branchMap": {},
      "s": { "0": 0, "1": 0, "2": 0 },
      "f": { "0": 0 },
      "b": {},
      "hash": "a99b8787fd580d620327d00561b818ad39da250a"
    },
    "C:\\Users\\amajain3\\Documents\\atomic-react-components\\lib\\components\\molecules\\Form\\FieldSelect\\FieldSelect.js": {
      "path": "C:\\Users\\amajain3\\Documents\\atomic-react-components\\lib\\components\\molecules\\Form\\FieldSelect\\FieldSelect.js",
      "statementMap": {
        "0": { "start": { "line": 21, "column": 20 }, "end": { "line": 52, "column": 1 } },
        "1": { "start": { "line": 31, "column": 2 }, "end": { "line": 51, "column": 8 } },
        "2": { "start": { "line": 37, "column": 33 }, "end": { "line": 37, "column": 37 } },
        "3": { "start": { "line": 38, "column": 8 }, "end": { "line": 47, "column": 10 } },
        "4": { "start": { "line": 43, "column": 14 }, "end": { "line": 43, "column": 30 } },
        "5": { "start": { "line": 44, "column": 14 }, "end": { "line": 44, "column": 68 } },
        "6": { "start": { "line": 44, "column": 50 }, "end": { "line": 44, "column": 68 } },
        "7": { "start": { "line": 54, "column": 0 }, "end": { "line": 58, "column": 2 } }
      },
      "fnMap": {
        "0": {
          "name": "(anonymous_0)",
          "decl": { "start": { "line": 21, "column": 20 }, "end": { "line": 21, "column": 21 } },
          "loc": { "start": { "line": 31, "column": 2 }, "end": { "line": 51, "column": 8 } },
          "line": 31
        },
        "1": {
          "name": "(anonymous_1)",
          "decl": { "start": { "line": 36, "column": 7 }, "end": { "line": 36, "column": 8 } },
          "loc": { "start": { "line": 36, "column": 28 }, "end": { "line": 48, "column": 7 } },
          "line": 36
        },
        "2": {
          "name": "(anonymous_2)",
          "decl": { "start": { "line": 42, "column": 22 }, "end": { "line": 42, "column": 23 } },
          "loc": { "start": { "line": 42, "column": 27 }, "end": { "line": 45, "column": 13 } },
          "line": 42
        }
      },
      "branchMap": {
        "0": {
          "loc": { "start": { "line": 44, "column": 14 }, "end": { "line": 44, "column": 68 } },
          "type": "if",
          "locations": [
            { "start": { "line": 44, "column": 14 }, "end": { "line": 44, "column": 68 } },
            { "start": { "line": 44, "column": 14 }, "end": { "line": 44, "column": 68 } }
          ],
          "line": 44
        }
      },
      "s": { "0": 0, "1": 0, "2": 0, "3": 0, "4": 0, "5": 0, "6": 0, "7": 0 },
      "f": { "0": 0, "1": 0, "2": 0 },
      "b": { "0": [0, 0] },
      "hash": "5aa0f57035b4de461dcf0ef7a95c81820f0e0d7e"
    },
    "C:\\Users\\amajain3\\Documents\\atomic-react-components\\lib\\components\\molecules\\Tabs\\TabPanel\\index.js": {
      "path": "C:\\Users\\amajain3\\Documents\\atomic-react-components\\lib\\components\\molecules\\Tabs\\TabPanel\\index.js",
      "statementMap": {},
      "fnMap": {},
      "branchMap": {},
      "s": {},
      "f": {},
      "b": {},
      "hash": "ffb8ea2464c24557fc7fdf7d37704a39be6c5de9"
    },
    "C:\\Users\\amajain3\\Documents\\atomic-react-components\\lib\\components\\molecules\\Tabs\\types\\index.js": {
      "path": "C:\\Users\\amajain3\\Documents\\atomic-react-components\\lib\\components\\molecules\\Tabs\\types\\index.js",
      "statementMap": {},
      "fnMap": {},
      "branchMap": {},
      "s": {},
      "f": {},
      "b": {},
      "hash": "69fe34562199a133a21379379d5d44937bbc7ab1"
    },
    "C:\\Users\\amajain3\\Documents\\atomic-react-components\\lib\\components\\molecules\\Tabs\\TabPanel\\TabPanel.style.js": {
      "path": "C:\\Users\\amajain3\\Documents\\atomic-react-components\\lib\\components\\molecules\\Tabs\\TabPanel\\TabPanel.style.js",
      "statementMap": {
        "0": { "start": { "line": 6, "column": 14 }, "end": { "line": 6, "column": 55 } },
        "1": { "start": { "line": 7, "column": 14 }, "end": { "line": 7, "column": 64 } }
      },
      "fnMap": {
        "0": {
          "name": "(anonymous_0)",
          "decl": { "start": { "line": 6, "column": 4 }, "end": { "line": 6, "column": 5 } },
          "loc": { "start": { "line": 6, "column": 14 }, "end": { "line": 6, "column": 55 } },
          "line": 6
        },
        "1": {
          "name": "(anonymous_1)",
          "decl": { "start": { "line": 7, "column": 4 }, "end": { "line": 7, "column": 5 } },
          "loc": { "start": { "line": 7, "column": 14 }, "end": { "line": 7, "column": 64 } },
          "line": 7
        }
      },
      "branchMap": {
        "0": {
          "loc": { "start": { "line": 6, "column": 14 }, "end": { "line": 6, "column": 55 } },
          "type": "cond-expr",
          "locations": [
            { "start": { "line": 6, "column": 33 }, "end": { "line": 6, "column": 50 } },
            { "start": { "line": 6, "column": 53 }, "end": { "line": 6, "column": 55 } }
          ],
          "line": 6
        },
        "1": {
          "loc": { "start": { "line": 7, "column": 14 }, "end": { "line": 7, "column": 64 } },
          "type": "cond-expr",
          "locations": [
            { "start": { "line": 7, "column": 38 }, "end": { "line": 7, "column": 59 } },
            { "start": { "line": 7, "column": 62 }, "end": { "line": 7, "column": 64 } }
          ],
          "line": 7
        }
      },
      "s": { "0": 0, "1": 0 },
      "f": { "0": 0, "1": 0 },
      "b": { "0": [0, 0], "1": [0, 0] },
      "hash": "94aaf7c2a5842bcd184e9af3649e12bedbbefe6e"
    },
    "C:\\Users\\amajain3\\Documents\\atomic-react-components\\lib\\components\\molecules\\Form\\FieldToggle\\FieldToggle.style.js": {
      "path": "C:\\Users\\amajain3\\Documents\\atomic-react-components\\lib\\components\\molecules\\Form\\FieldToggle\\FieldToggle.style.js",
      "statementMap": {
        "0": { "start": { "line": 3, "column": 15 }, "end": { "line": 70, "column": 1 } },
        "1": { "start": { "line": 4, "column": 13 }, "end": { "line": 7, "column": 1 } },
        "2": { "start": { "line": 12, "column": 15 }, "end": { "line": 15, "column": 3 } },
        "3": { "start": { "line": 16, "column": 24 }, "end": { "line": 16, "column": 66 } },
        "4": { "start": { "line": 21, "column": 24 }, "end": { "line": 21, "column": 62 } },
        "5": { "start": { "line": 26, "column": 15 }, "end": { "line": 29, "column": 4 } },
        "6": { "start": { "line": 30, "column": 15 }, "end": { "line": 32, "column": 5 } },
        "7": { "start": { "line": 39, "column": 15 }, "end": { "line": 43, "column": 5 } },
        "8": { "start": { "line": 44, "column": 15 }, "end": { "line": 47, "column": 5 } },
        "9": { "start": { "line": 52, "column": 15 }, "end": { "line": 54, "column": 5 } },
        "10": { "start": { "line": 58, "column": 15 }, "end": { "line": 60, "column": 5 } },
        "11": { "start": { "line": 64, "column": 15 }, "end": { "line": 66, "column": 5 } },
        "12": { "start": { "line": 69, "column": 14 }, "end": { "line": 69, "column": 64 } }
      },
      "fnMap": {
        "0": {
          "name": "(anonymous_0)",
          "decl": { "start": { "line": 4, "column": 4 }, "end": { "line": 4, "column": 5 } },
          "loc": { "start": { "line": 4, "column": 13 }, "end": { "line": 7, "column": 1 } },
          "line": 4
        },
        "1": {
          "name": "(anonymous_1)",
          "decl": { "start": { "line": 12, "column": 6 }, "end": { "line": 12, "column": 7 } },
          "loc": { "start": { "line": 12, "column": 15 }, "end": { "line": 15, "column": 3 } },
          "line": 12
        },
        "2": {
          "name": "(anonymous_2)",
          "decl": { "start": { "line": 16, "column": 14 }, "end": { "line": 16, "column": 15 } },
          "loc": { "start": { "line": 16, "column": 24 }, "end": { "line": 16, "column": 66 } },
          "line": 16
        },
        "3": {
          "name": "(anonymous_3)",
          "decl": { "start": { "line": 21, "column": 14 }, "end": { "line": 21, "column": 15 } },
          "loc": { "start": { "line": 21, "column": 24 }, "end": { "line": 21, "column": 62 } },
          "line": 21
        },
        "4": {
          "name": "(anonymous_4)",
          "decl": { "start": { "line": 26, "column": 6 }, "end": { "line": 26, "column": 7 } },
          "loc": { "start": { "line": 26, "column": 15 }, "end": { "line": 29, "column": 4 } },
          "line": 26
        },
        "5": {
          "name": "(anonymous_5)",
          "decl": { "start": { "line": 30, "column": 6 }, "end": { "line": 30, "column": 7 } },
          "loc": { "start": { "line": 30, "column": 15 }, "end": { "line": 32, "column": 5 } },
          "line": 30
        },
        "6": {
          "name": "(anonymous_6)",
          "decl": { "start": { "line": 39, "column": 6 }, "end": { "line": 39, "column": 7 } },
          "loc": { "start": { "line": 39, "column": 15 }, "end": { "line": 43, "column": 5 } },
          "line": 39
        },
        "7": {
          "name": "(anonymous_7)",
          "decl": { "start": { "line": 44, "column": 6 }, "end": { "line": 44, "column": 7 } },
          "loc": { "start": { "line": 44, "column": 15 }, "end": { "line": 47, "column": 5 } },
          "line": 44
        },
        "8": {
          "name": "(anonymous_8)",
          "decl": { "start": { "line": 52, "column": 6 }, "end": { "line": 52, "column": 7 } },
          "loc": { "start": { "line": 52, "column": 15 }, "end": { "line": 54, "column": 5 } },
          "line": 52
        },
        "9": {
          "name": "(anonymous_9)",
          "decl": { "start": { "line": 58, "column": 6 }, "end": { "line": 58, "column": 7 } },
          "loc": { "start": { "line": 58, "column": 15 }, "end": { "line": 60, "column": 5 } },
          "line": 58
        },
        "10": {
          "name": "(anonymous_10)",
          "decl": { "start": { "line": 64, "column": 6 }, "end": { "line": 64, "column": 7 } },
          "loc": { "start": { "line": 64, "column": 15 }, "end": { "line": 66, "column": 5 } },
          "line": 64
        },
        "11": {
          "name": "(anonymous_11)",
          "decl": { "start": { "line": 69, "column": 4 }, "end": { "line": 69, "column": 5 } },
          "loc": { "start": { "line": 69, "column": 14 }, "end": { "line": 69, "column": 64 } },
          "line": 69
        }
      },
      "branchMap": {
        "0": {
          "loc": { "start": { "line": 16, "column": 24 }, "end": { "line": 16, "column": 66 } },
          "type": "cond-expr",
          "locations": [
            { "start": { "line": 16, "column": 41 }, "end": { "line": 16, "column": 54 } },
            { "start": { "line": 16, "column": 57 }, "end": { "line": 16, "column": 66 } }
          ],
          "line": 16
        },
        "1": {
          "loc": { "start": { "line": 21, "column": 24 }, "end": { "line": 21, "column": 62 } },
          "type": "cond-expr",
          "locations": [
            { "start": { "line": 21, "column": 41 }, "end": { "line": 21, "column": 50 } },
            { "start": { "line": 21, "column": 53 }, "end": { "line": 21, "column": 62 } }
          ],
          "line": 21
        },
        "2": {
          "loc": { "start": { "line": 69, "column": 14 }, "end": { "line": 69, "column": 64 } },
          "type": "cond-expr",
          "locations": [
            { "start": { "line": 69, "column": 38 }, "end": { "line": 69, "column": 59 } },
            { "start": { "line": 69, "column": 62 }, "end": { "line": 69, "column": 64 } }
          ],
          "line": 69
        }
      },
      "s": {
        "0": 0,
        "1": 0,
        "2": 0,
        "3": 0,
        "4": 0,
        "5": 0,
        "6": 0,
        "7": 0,
        "8": 0,
        "9": 0,
        "10": 0,
        "11": 0,
        "12": 0
      },
      "f": {
        "0": 0,
        "1": 0,
        "2": 0,
        "3": 0,
        "4": 0,
        "5": 0,
        "6": 0,
        "7": 0,
        "8": 0,
        "9": 0,
        "10": 0,
        "11": 0
      },
      "b": { "0": [0, 0], "1": [0, 0], "2": [0, 0] },
      "hash": "8927016418b27830b2a151279c745b607d9e0f87"
    },
    "C:\\Users\\amajain3\\Documents\\atomic-react-components\\lib\\components\\molecules\\Tabs\\Tab\\Tab.style.js": {
      "path": "C:\\Users\\amajain3\\Documents\\atomic-react-components\\lib\\components\\molecules\\Tabs\\Tab\\Tab.style.js",
      "statementMap": {
        "0": { "start": { "line": 5, "column": 31 }, "end": { "line": 5, "column": 63 } },
        "1": { "start": { "line": 6, "column": 14 }, "end": { "line": 6, "column": 97 } },
        "2": { "start": { "line": 7, "column": 14 }, "end": { "line": 7, "column": 64 } }
      },
      "fnMap": {
        "0": {
          "name": "(anonymous_0)",
          "decl": { "start": { "line": 5, "column": 22 }, "end": { "line": 5, "column": 23 } },
          "loc": { "start": { "line": 5, "column": 31 }, "end": { "line": 5, "column": 63 } },
          "line": 5
        },
        "1": {
          "name": "(anonymous_1)",
          "decl": { "start": { "line": 6, "column": 4 }, "end": { "line": 6, "column": 5 } },
          "loc": { "start": { "line": 6, "column": 14 }, "end": { "line": 6, "column": 97 } },
          "line": 6
        },
        "2": {
          "name": "(anonymous_2)",
          "decl": { "start": { "line": 7, "column": 4 }, "end": { "line": 7, "column": 5 } },
          "loc": { "start": { "line": 7, "column": 14 }, "end": { "line": 7, "column": 64 } },
          "line": 7
        }
      },
      "branchMap": {
        "0": {
          "loc": { "start": { "line": 6, "column": 14 }, "end": { "line": 6, "column": 97 } },
          "type": "cond-expr",
          "locations": [
            { "start": { "line": 6, "column": 33 }, "end": { "line": 6, "column": 92 } },
            { "start": { "line": 6, "column": 95 }, "end": { "line": 6, "column": 97 } }
          ],
          "line": 6
        },
        "1": {
          "loc": { "start": { "line": 7, "column": 14 }, "end": { "line": 7, "column": 64 } },
          "type": "cond-expr",
          "locations": [
            { "start": { "line": 7, "column": 38 }, "end": { "line": 7, "column": 59 } },
            { "start": { "line": 7, "column": 62 }, "end": { "line": 7, "column": 64 } }
          ],
          "line": 7
        }
      },
      "s": { "0": 0, "1": 0, "2": 0 },
      "f": { "0": 0, "1": 0, "2": 0 },
      "b": { "0": [0, 0], "1": [0, 0] },
      "hash": "eb9b6cabc137b19af52c19a462bc0836c46bf848"
    },
    "C:\\Users\\amajain3\\Documents\\atomic-react-components\\lib\\components\\molecules\\Form\\DragDropInput\\types\\index.js": {
      "path": "C:\\Users\\amajain3\\Documents\\atomic-react-components\\lib\\components\\molecules\\Form\\DragDropInput\\types\\index.js",
      "statementMap": {},
      "fnMap": {},
      "branchMap": {},
      "s": {},
      "f": {},
      "b": {},
      "hash": "338ab50cd60798bb5558a1211e93dcdf4edb7ad4"
    },
    "C:\\Users\\amajain3\\Documents\\atomic-react-components\\lib\\components\\molecules\\Form\\FieldToggle\\types\\index.js": {
      "path": "C:\\Users\\amajain3\\Documents\\atomic-react-components\\lib\\components\\molecules\\Form\\FieldToggle\\types\\index.js",
      "statementMap": {},
      "fnMap": {},
      "branchMap": {},
      "s": {},
      "f": {},
      "b": {},
      "hash": "f7879530d6739589e1e6d2de9a166e9c4890bbbc"
    },
    "C:\\Users\\amajain3\\Documents\\atomic-react-components\\lib\\components\\molecules\\Form\\FieldFileInput\\types\\index.js": {
      "path": "C:\\Users\\amajain3\\Documents\\atomic-react-components\\lib\\components\\molecules\\Form\\FieldFileInput\\types\\index.js",
      "statementMap": {},
      "fnMap": {},
      "branchMap": {},
      "s": {},
      "f": {},
      "b": {},
      "hash": "83534688f7b39711a512051ce96624db5f8d3714"
    },
    "C:\\Users\\amajain3\\Documents\\atomic-react-components\\lib\\components\\molecules\\Tabs\\Tab\\Tab.js": {
      "path": "C:\\Users\\amajain3\\Documents\\atomic-react-components\\lib\\components\\molecules\\Tabs\\Tab\\Tab.js",
      "statementMap": {
        "0": { "start": { "line": 25, "column": 12 }, "end": { "line": 51, "column": 1 } },
        "1": { "start": { "line": 36, "column": 2 }, "end": { "line": 50, "column": 7 } },
        "2": { "start": { "line": 42, "column": 18 }, "end": { "line": 42, "column": 35 } },
        "3": { "start": { "line": 43, "column": 20 }, "end": { "line": 43, "column": 32 } },
        "4": { "start": { "line": 53, "column": 0 }, "end": { "line": 56, "column": 2 } }
      },
      "fnMap": {
        "0": {
          "name": "(anonymous_0)",
          "decl": { "start": { "line": 25, "column": 12 }, "end": { "line": 25, "column": 13 } },
          "loc": { "start": { "line": 36, "column": 2 }, "end": { "line": 50, "column": 7 } },
          "line": 36
        },
        "1": {
          "name": "(anonymous_1)",
          "decl": { "start": { "line": 42, "column": 13 }, "end": { "line": 42, "column": 14 } },
          "loc": { "start": { "line": 42, "column": 18 }, "end": { "line": 42, "column": 35 } },
          "line": 42
        },
        "2": {
          "name": "(anonymous_2)",
          "decl": { "start": { "line": 43, "column": 15 }, "end": { "line": 43, "column": 16 } },
          "loc": { "start": { "line": 43, "column": 20 }, "end": { "line": 43, "column": 32 } },
          "line": 43
        }
      },
      "branchMap": {
        "0": {
          "loc": { "start": { "line": 44, "column": 14 }, "end": { "line": 44, "column": 33 } },
          "type": "cond-expr",
          "locations": [
            { "start": { "line": 44, "column": 27 }, "end": { "line": 44, "column": 28 } },
            { "start": { "line": 44, "column": 31 }, "end": { "line": 44, "column": 33 } }
          ],
          "line": 44
        }
      },
      "s": { "0": 0, "1": 0, "2": 0, "3": 0, "4": 0 },
      "f": { "0": 0, "1": 0, "2": 0 },
      "b": { "0": [0, 0] },
      "hash": "f5c14168454471b1591a79bb4fe32be0e7fe75a4"
    }
  }
}
